{"/opt/redbox-portal/config/action.js":{"path":"/opt/redbox-portal/config/action.js","statementMap":{"0":{"start":{"line":1,"column":0},"end":{"line":3,"column":1}}},"fnMap":{},"branchMap":{},"s":{"0":1},"f":{},"b":{},"_coverageSchema":"43e27e138ebf9cfc5966b082cf9a028302ed4184","hash":"456779f1edf20ca9e2035f5d88b6181c8c40192d","contentHash":"a1c5ed84ca133b6a518b1793c7ccfef90cde4b7df6119fd80db08043803d72e8"},"/opt/redbox-portal/config/appmode.js":{"path":"/opt/redbox-portal/config/appmode.js","statementMap":{"0":{"start":{"line":1,"column":0},"end":{"line":3,"column":2}}},"fnMap":{},"branchMap":{},"s":{"0":1},"f":{},"b":{},"_coverageSchema":"43e27e138ebf9cfc5966b082cf9a028302ed4184","hash":"9f6a3dcf471dc054a53ade555bf3f69551ad61c7","contentHash":"a4546e7e4fe7dd32f47efa163fb9e6043cbe3518e076b8d2dd813fe4d5fb8c8c"},"/opt/redbox-portal/config/auth.js":{"path":"/opt/redbox-portal/config/auth.js","statementMap":{"0":{"start":{"line":6,"column":0},"end":{"line":236,"column":2}}},"fnMap":{},"branchMap":{},"s":{"0":1},"f":{},"b":{},"_coverageSchema":"43e27e138ebf9cfc5966b082cf9a028302ed4184","hash":"8cc80e64a61fd5d573945833b9b4a7f16808e594","contentHash":"90a8809e9c3bd6b713b872f197e26eebd94e5794a12a20f974c3953fdb3014c3"},"/opt/redbox-portal/config/autoreload.js":{"path":"/opt/redbox-portal/config/autoreload.js","statementMap":{"0":{"start":{"line":2,"column":0},"end":{"line":15,"column":2}}},"fnMap":{},"branchMap":{},"s":{"0":1},"f":{},"b":{},"_coverageSchema":"43e27e138ebf9cfc5966b082cf9a028302ed4184","hash":"d272955c6cf12df72ce7982437fc49159f8006c4","contentHash":"bce369d7741dbf82045cc8c57fbfe129c54a946d6916b6655d99d516b26e65c5"},"/opt/redbox-portal/config/blueprints.js":{"path":"/opt/redbox-portal/config/blueprints.js","statementMap":{"0":{"start":{"line":26,"column":0},"end":{"line":162,"column":2}}},"fnMap":{},"branchMap":{},"s":{"0":1},"f":{},"b":{},"_coverageSchema":"43e27e138ebf9cfc5966b082cf9a028302ed4184","hash":"cb523feefda214f289fee76895ab98b099a70ed9","contentHash":"8d48422f991c6e7d65ce5e011ae42f44757ce2025e7d85cf1bfe4ba492723b45"},"/opt/redbox-portal/config/bootstrap.js":{"path":"/opt/redbox-portal/config/bootstrap.js","statementMap":{"0":{"start":{"line":11,"column":17},"end":{"line":11,"column":54}},"1":{"start":{"line":12,"column":17},"end":{"line":12,"column":41}},"2":{"start":{"line":14,"column":0},"end":{"line":142,"column":2}},"3":{"start":{"line":16,"column":4},"end":{"line":16,"column":64}},"4":{"start":{"line":17,"column":4},"end":{"line":17,"column":44}},"5":{"start":{"line":18,"column":4},"end":{"line":18,"column":54}},"6":{"start":{"line":19,"column":4},"end":{"line":19,"column":50}},"7":{"start":{"line":20,"column":4},"end":{"line":20,"column":60}},"8":{"start":{"line":21,"column":4},"end":{"line":24,"column":5}},"9":{"start":{"line":22,"column":6},"end":{"line":22,"column":42}},"10":{"start":{"line":23,"column":6},"end":{"line":23,"column":52}},"11":{"start":{"line":26,"column":4},"end":{"line":26,"column":116}},"12":{"start":{"line":27,"column":4},"end":{"line":140,"column":7}},"13":{"start":{"line":29,"column":6},"end":{"line":29,"column":59}},"14":{"start":{"line":30,"column":6},"end":{"line":30,"column":65}},"15":{"start":{"line":33,"column":6},"end":{"line":33,"column":56}},"16":{"start":{"line":36,"column":6},"end":{"line":36,"column":98}},"17":{"start":{"line":39,"column":6},"end":{"line":39,"column":58}},"18":{"start":{"line":42,"column":6},"end":{"line":42,"column":104}},"19":{"start":{"line":45,"column":6},"end":{"line":45,"column":56}},"20":{"start":{"line":46,"column":6},"end":{"line":46,"column":61}},"21":{"start":{"line":49,"column":6},"end":{"line":49,"column":60}},"22":{"start":{"line":50,"column":6},"end":{"line":50,"column":112}},"23":{"start":{"line":53,"column":6},"end":{"line":53,"column":63}},"24":{"start":{"line":54,"column":6},"end":{"line":54,"column":102}},"25":{"start":{"line":56,"column":6},"end":{"line":56,"column":64}},"26":{"start":{"line":57,"column":6},"end":{"line":57,"column":72}},"27":{"start":{"line":60,"column":6},"end":{"line":60,"column":64}},"28":{"start":{"line":61,"column":6},"end":{"line":69,"column":7}},"29":{"start":{"line":62,"column":20},"end":{"line":62,"column":22}},"30":{"start":{"line":63,"column":8},"end":{"line":65,"column":11}},"31":{"start":{"line":64,"column":10},"end":{"line":64,"column":72}},"32":{"start":{"line":66,"column":8},"end":{"line":66,"column":38}},"33":{"start":{"line":68,"column":8},"end":{"line":68,"column":68}},"34":{"start":{"line":72,"column":6},"end":{"line":72,"column":56}},"35":{"start":{"line":73,"column":6},"end":{"line":73,"column":53}},"36":{"start":{"line":76,"column":6},"end":{"line":76,"column":56}},"37":{"start":{"line":78,"column":6},"end":{"line":86,"column":7}},"38":{"start":{"line":79,"column":8},"end":{"line":84,"column":11}},"39":{"start":{"line":80,"column":10},"end":{"line":83,"column":13}},"40":{"start":{"line":82,"column":12},"end":{"line":82,"column":56}},"41":{"start":{"line":85,"column":8},"end":{"line":85,"column":49}},"42":{"start":{"line":87,"column":6},"end":{"line":87,"column":31}},"43":{"start":{"line":91,"column":6},"end":{"line":91,"column":55}},"44":{"start":{"line":93,"column":6},"end":{"line":93,"column":105}},"45":{"start":{"line":96,"column":6},"end":{"line":96,"column":65}},"46":{"start":{"line":97,"column":5},"end":{"line":120,"column":6}},"47":{"start":{"line":98,"column":5},"end":{"line":98,"column":81}},"48":{"start":{"line":99,"column":5},"end":{"line":99,"column":82}},"49":{"start":{"line":100,"column":5},"end":{"line":100,"column":82}},"50":{"start":{"line":101,"column":5},"end":{"line":101,"column":83}},"51":{"start":{"line":102,"column":5},"end":{"line":102,"column":84}},"52":{"start":{"line":103,"column":5},"end":{"line":103,"column":82}},"53":{"start":{"line":104,"column":5},"end":{"line":104,"column":84}},"54":{"start":{"line":105,"column":5},"end":{"line":105,"column":82}},"55":{"start":{"line":106,"column":5},"end":{"line":106,"column":82}},"56":{"start":{"line":107,"column":5},"end":{"line":107,"column":82}},"57":{"start":{"line":108,"column":5},"end":{"line":108,"column":81}},"58":{"start":{"line":109,"column":4},"end":{"line":109,"column":80}},"59":{"start":{"line":110,"column":5},"end":{"line":110,"column":82}},"60":{"start":{"line":111,"column":5},"end":{"line":111,"column":82}},"61":{"start":{"line":112,"column":5},"end":{"line":112,"column":83}},"62":{"start":{"line":113,"column":5},"end":{"line":113,"column":85}},"63":{"start":{"line":114,"column":5},"end":{"line":114,"column":82}},"64":{"start":{"line":115,"column":5},"end":{"line":115,"column":85}},"65":{"start":{"line":116,"column":5},"end":{"line":116,"column":82}},"66":{"start":{"line":117,"column":5},"end":{"line":117,"column":82}},"67":{"start":{"line":118,"column":5},"end":{"line":118,"column":82}},"68":{"start":{"line":119,"column":5},"end":{"line":119,"column":81}},"69":{"start":{"line":122,"column":6},"end":{"line":122,"column":66}},"70":{"start":{"line":124,"column":6},"end":{"line":133,"column":9}},"71":{"start":{"line":125,"column":8},"end":{"line":132,"column":9}},"72":{"start":{"line":126,"column":10},"end":{"line":126,"column":51}},"73":{"start":{"line":129,"column":10},"end":{"line":129,"column":15}},"74":{"start":{"line":131,"column":10},"end":{"line":131,"column":60}},"75":{"start":{"line":138,"column":6},"end":{"line":138,"column":47}},"76":{"start":{"line":139,"column":6},"end":{"line":139,"column":29}}},"fnMap":{"0":{"name":"(anonymous_0)","decl":{"start":{"line":14,"column":27},"end":{"line":14,"column":28}},"loc":{"start":{"line":14,"column":40},"end":{"line":142,"column":1}},"line":14},"1":{"name":"(anonymous_1)","decl":{"start":{"line":28,"column":13},"end":{"line":28,"column":14}},"loc":{"start":{"line":28,"column":29},"end":{"line":31,"column":5}},"line":28},"2":{"name":"(anonymous_2)","decl":{"start":{"line":32,"column":13},"end":{"line":32,"column":14}},"loc":{"start":{"line":32,"column":29},"end":{"line":37,"column":5}},"line":32},"3":{"name":"(anonymous_3)","decl":{"start":{"line":38,"column":13},"end":{"line":38,"column":14}},"loc":{"start":{"line":38,"column":29},"end":{"line":43,"column":5}},"line":38},"4":{"name":"(anonymous_4)","decl":{"start":{"line":44,"column":13},"end":{"line":44,"column":14}},"loc":{"start":{"line":44,"column":25},"end":{"line":47,"column":5}},"line":44},"5":{"name":"(anonymous_5)","decl":{"start":{"line":48,"column":13},"end":{"line":48,"column":14}},"loc":{"start":{"line":48,"column":35},"end":{"line":51,"column":5}},"line":48},"6":{"name":"(anonymous_6)","decl":{"start":{"line":52,"column":13},"end":{"line":52,"column":14}},"loc":{"start":{"line":52,"column":25},"end":{"line":55,"column":5}},"line":52},"7":{"name":"(anonymous_7)","decl":{"start":{"line":55,"column":15},"end":{"line":55,"column":16}},"loc":{"start":{"line":55,"column":30},"end":{"line":58,"column":5}},"line":55},"8":{"name":"(anonymous_8)","decl":{"start":{"line":59,"column":13},"end":{"line":59,"column":14}},"loc":{"start":{"line":59,"column":30},"end":{"line":70,"column":5}},"line":59},"9":{"name":"(anonymous_9)","decl":{"start":{"line":63,"column":30},"end":{"line":63,"column":31}},"loc":{"start":{"line":63,"column":46},"end":{"line":65,"column":9}},"line":63},"10":{"name":"(anonymous_10)","decl":{"start":{"line":71,"column":13},"end":{"line":71,"column":14}},"loc":{"start":{"line":71,"column":25},"end":{"line":74,"column":5}},"line":71},"11":{"name":"(anonymous_11)","decl":{"start":{"line":75,"column":13},"end":{"line":75,"column":14}},"loc":{"start":{"line":75,"column":18},"end":{"line":88,"column":5}},"line":75},"12":{"name":"(anonymous_12)","decl":{"start":{"line":79,"column":45},"end":{"line":79,"column":46}},"loc":{"start":{"line":79,"column":53},"end":{"line":84,"column":9}},"line":79},"13":{"name":"(anonymous_13)","decl":{"start":{"line":80,"column":46},"end":{"line":80,"column":47}},"loc":{"start":{"line":80,"column":52},"end":{"line":83,"column":11}},"line":80},"14":{"name":"(anonymous_14)","decl":{"start":{"line":90,"column":13},"end":{"line":90,"column":14}},"loc":{"start":{"line":90,"column":25},"end":{"line":94,"column":5}},"line":90},"15":{"name":"(anonymous_15)","decl":{"start":{"line":95,"column":15},"end":{"line":95,"column":16}},"loc":{"start":{"line":95,"column":25},"end":{"line":136,"column":5}},"line":95},"16":{"name":"(anonymous_16)","decl":{"start":{"line":97,"column":22},"end":{"line":97,"column":23}},"loc":{"start":{"line":97,"column":33},"end":{"line":120,"column":6}},"line":97},"17":{"name":"(anonymous_17)","decl":{"start":{"line":124,"column":62},"end":{"line":124,"column":63}},"loc":{"start":{"line":124,"column":74},"end":{"line":133,"column":7}},"line":124},"18":{"name":"(anonymous_18)","decl":{"start":{"line":137,"column":4},"end":{"line":137,"column":5}},"loc":{"start":{"line":137,"column":13},"end":{"line":140,"column":5}},"line":137}},"branchMap":{"0":{"loc":{"start":{"line":21,"column":4},"end":{"line":24,"column":5}},"type":"if","locations":[{"start":{"line":21,"column":4},"end":{"line":24,"column":5}},{"start":{"line":21,"column":4},"end":{"line":24,"column":5}}],"line":21},"1":{"loc":{"start":{"line":21,"column":8},"end":{"line":21,"column":81}},"type":"binary-expr","locations":[{"start":{"line":21,"column":8},"end":{"line":21,"column":48}},{"start":{"line":21,"column":52},"end":{"line":21,"column":81}}],"line":21},"2":{"loc":{"start":{"line":61,"column":6},"end":{"line":69,"column":7}},"type":"if","locations":[{"start":{"line":61,"column":6},"end":{"line":69,"column":7}},{"start":{"line":61,"column":6},"end":{"line":69,"column":7}}],"line":61},"3":{"loc":{"start":{"line":78,"column":6},"end":{"line":86,"column":7}},"type":"if","locations":[{"start":{"line":78,"column":6},"end":{"line":86,"column":7}},{"start":{"line":78,"column":6},"end":{"line":86,"column":7}}],"line":78},"4":{"loc":{"start":{"line":125,"column":8},"end":{"line":132,"column":9}},"type":"if","locations":[{"start":{"line":125,"column":8},"end":{"line":132,"column":9}},{"start":{"line":125,"column":8},"end":{"line":132,"column":9}}],"line":125}},"s":{"0":1,"1":1,"2":1,"3":1,"4":1,"5":1,"6":1,"7":1,"8":1,"9":0,"10":0,"11":1,"12":1,"13":1,"14":1,"15":1,"16":1,"17":1,"18":1,"19":1,"20":1,"21":1,"22":1,"23":1,"24":1,"25":1,"26":1,"27":1,"28":1,"29":1,"30":1,"31":9,"32":1,"33":0,"34":2,"35":2,"36":2,"37":2,"38":0,"39":0,"40":0,"41":0,"42":2,"43":1,"44":1,"45":1,"46":1,"47":1,"48":1,"49":1,"50":1,"51":1,"52":1,"53":1,"54":1,"55":1,"56":1,"57":1,"58":1,"59":1,"60":1,"61":1,"62":1,"63":1,"64":1,"65":1,"66":1,"67":1,"68":1,"69":1,"70":1,"71":1,"72":1,"73":1,"74":0,"75":0,"76":0},"f":{"0":1,"1":1,"2":1,"3":1,"4":1,"5":1,"6":1,"7":1,"8":1,"9":9,"10":2,"11":2,"12":0,"13":0,"14":1,"15":1,"16":1,"17":1,"18":0},"b":{"0":[0,1],"1":[1,1],"2":[1,0],"3":[0,2],"4":[1,0]},"_coverageSchema":"43e27e138ebf9cfc5966b082cf9a028302ed4184","hash":"a840fb3421c7e9bf7d30d662e4185f3a5c82fd81","contentHash":"23d9f96257228d7886a8725625d67f46b7fead4e596fe841cd4a51c86ebe8755"},"/opt/redbox-portal/config/cors.js":{"path":"/opt/redbox-portal/config/cors.js","statementMap":{"0":{"start":{"line":29,"column":0},"end":{"line":78,"column":2}}},"fnMap":{},"branchMap":{},"s":{"0":1},"f":{},"b":{},"_coverageSchema":"43e27e138ebf9cfc5966b082cf9a028302ed4184","hash":"3d1b094223789e1bca506d576b41a2fd16a5361c","contentHash":"81045a4d62502cf9e9c22c8a6a6414e741cf0c2b837eaa461e678ad58a6f00be"},"/opt/redbox-portal/config/crontab.js":{"path":"/opt/redbox-portal/config/crontab.js","statementMap":{"0":{"start":{"line":1,"column":0},"end":{"line":8,"column":1}},"1":{"start":{"line":4,"column":4},"end":{"line":6,"column":6}}},"fnMap":{"0":{"name":"(anonymous_0)","decl":{"start":{"line":3,"column":9},"end":{"line":3,"column":10}},"loc":{"start":{"line":3,"column":20},"end":{"line":7,"column":3}},"line":3}},"branchMap":{},"s":{"0":1,"1":0},"f":{"0":0},"b":{},"_coverageSchema":"43e27e138ebf9cfc5966b082cf9a028302ed4184","hash":"6198607745c3621fb8e0e05595f4fa1dc6cd8055","contentHash":"42747ed383e71b3e09178ea5814228480d1f5f5b32154244d6a3cd9c3c2e5973"},"/opt/redbox-portal/config/csrf.js":{"path":"/opt/redbox-portal/config/csrf.js","statementMap":{"0":{"start":{"line":65,"column":0},"end":{"line":67,"column":2}}},"fnMap":{},"branchMap":{},"s":{"0":1},"f":{},"b":{},"_coverageSchema":"43e27e138ebf9cfc5966b082cf9a028302ed4184","hash":"0d8ee3ec10e459bea07be97e0c628cc92a00299a","contentHash":"2163c3c45c558d2c621bf60714565a6218a2a96d4157e61c7940c29f624d7fad"},"/opt/redbox-portal/config/custom_cache.js":{"path":"/opt/redbox-portal/config/custom_cache.js","statementMap":{"0":{"start":{"line":1,"column":0},"end":{"line":3,"column":2}}},"fnMap":{},"branchMap":{},"s":{"0":1},"f":{},"b":{},"_coverageSchema":"43e27e138ebf9cfc5966b082cf9a028302ed4184","hash":"50ee82596dcc60b0dcc93cd389b720f2868fdbd4","contentHash":"9cbd4edc5869b5c02f97faca8e37a36e18bf70e3d946668f158d11dfacae895a"},"/opt/redbox-portal/config/datapubs.js":{"path":"/opt/redbox-portal/config/datapubs.js","statementMap":{"0":{"start":{"line":1,"column":0},"end":{"line":24,"column":2}}},"fnMap":{},"branchMap":{},"s":{"0":1},"f":{},"b":{},"_coverageSchema":"43e27e138ebf9cfc5966b082cf9a028302ed4184","hash":"66f8e8b4e3c20ffbc6991a95a74af47a6c769e3a","contentHash":"dbe0d8c55bc3637879b4401295db9e4f985b8ac0f50d8b926d1ad79a25379290"},"/opt/redbox-portal/config/datastores.js":{"path":"/opt/redbox-portal/config/datastores.js","statementMap":{"0":{"start":{"line":5,"column":0},"end":{"line":18,"column":2}}},"fnMap":{},"branchMap":{},"s":{"0":1},"f":{},"b":{},"_coverageSchema":"43e27e138ebf9cfc5966b082cf9a028302ed4184","hash":"04d255b46002c0b0cf97eec4be66063a205b33ac","contentHash":"1c1af3d02513c0e819dc6027bc2dbe13c52fdb70c542c9cad7811b211890c241"},"/opt/redbox-portal/config/dynamicasset.js":{"path":"/opt/redbox-portal/config/dynamicasset.js","statementMap":{"0":{"start":{"line":1,"column":0},"end":{"line":69,"column":2}}},"fnMap":{},"branchMap":{},"s":{"0":1},"f":{},"b":{},"_coverageSchema":"43e27e138ebf9cfc5966b082cf9a028302ed4184","hash":"3116d3210adaffa6969ed9e4e5df430082a7c848","contentHash":"32048d12e4969e0c1b61110f8921b5f98727822e940e413d579e9ae8a25a5ca8"},"/opt/redbox-portal/config/dynamicconfig.js":{"path":"/opt/redbox-portal/config/dynamicconfig.js","statementMap":{"0":{"start":{"line":1,"column":0},"end":{"line":3,"column":2}}},"fnMap":{},"branchMap":{},"s":{"0":1},"f":{},"b":{},"_coverageSchema":"43e27e138ebf9cfc5966b082cf9a028302ed4184","hash":"ce8664d6b30864ceac17a7df79210ccf040d3715","contentHash":"04f76c79cfa31a2852404a7026c0a1b121242bac8f453c7c5f06fc22fcf12c55"},"/opt/redbox-portal/config/emailnotification.js":{"path":"/opt/redbox-portal/config/emailnotification.js","statementMap":{"0":{"start":{"line":1,"column":0},"end":{"line":19,"column":4}}},"fnMap":{},"branchMap":{},"s":{"0":1},"f":{},"b":{},"_coverageSchema":"43e27e138ebf9cfc5966b082cf9a028302ed4184","hash":"4dcfa221eb52db87fd7acd7f4e3a2e55ef05e877","contentHash":"19ed6d1a7e46b864b547145ceb2618ce4fbee980bbdce0e541c6cf2c82053b26"},"/opt/redbox-portal/config/form.js":{"path":"/opt/redbox-portal/config/form.js","statementMap":{"0":{"start":{"line":4,"column":8},"end":{"line":4,"column":25}},"1":{"start":{"line":5,"column":21},"end":{"line":5,"column":70}},"2":{"start":{"line":6,"column":15},"end":{"line":6,"column":61}},"3":{"start":{"line":7,"column":26},"end":{"line":7,"column":93}},"4":{"start":{"line":8,"column":35},"end":{"line":8,"column":106}},"5":{"start":{"line":9,"column":35},"end":{"line":9,"column":106}},"6":{"start":{"line":10,"column":36},"end":{"line":10,"column":108}},"7":{"start":{"line":11,"column":32},"end":{"line":11,"column":100}},"8":{"start":{"line":12,"column":33},"end":{"line":12,"column":102}},"9":{"start":{"line":13,"column":35},"end":{"line":13,"column":106}},"10":{"start":{"line":14,"column":0},"end":{"line":27,"column":2}}},"fnMap":{},"branchMap":{},"s":{"0":1,"1":1,"2":1,"3":1,"4":1,"5":1,"6":1,"7":1,"8":1,"9":1,"10":1},"f":{},"b":{},"_coverageSchema":"43e27e138ebf9cfc5966b082cf9a028302ed4184","hash":"4dac458fc9e1ddc5b5f22b0fedf01727c4f17aa5","contentHash":"3ea2fbb355108dfa43c701a29fe5dbc3bc167997918e55017d6be38cc5bce3c4"},"/opt/redbox-portal/config/globals.js":{"path":"/opt/redbox-portal/config/globals.js","statementMap":{"0":{"start":{"line":6,"column":1},"end":{"line":16,"column":3}}},"fnMap":{},"branchMap":{},"s":{"0":1},"f":{},"b":{},"_coverageSchema":"43e27e138ebf9cfc5966b082cf9a028302ed4184","hash":"d3f40da377f75cbca74e7f86b7969d12958449fe","contentHash":"a31aae83d2580dc057d881de217fa6dc1af735783df4d3d16b8d0235ec36da82"},"/opt/redbox-portal/config/http.js":{"path":"/opt/redbox-portal/config/http.js","statementMap":{"0":{"start":{"line":12,"column":0},"end":{"line":185,"column":2}},"1":{"start":{"line":36,"column":6},"end":{"line":38,"column":7}},"2":{"start":{"line":37,"column":10},"end":{"line":37,"column":66}},"3":{"start":{"line":39,"column":6},"end":{"line":39,"column":13}},"4":{"start":{"line":44,"column":16},"end":{"line":44,"column":23}},"5":{"start":{"line":45,"column":21},"end":{"line":45,"column":35}},"6":{"start":{"line":47,"column":6},"end":{"line":88,"column":7}},"7":{"start":{"line":48,"column":23},"end":{"line":48,"column":34}},"8":{"start":{"line":49,"column":21},"end":{"line":49,"column":32}},"9":{"start":{"line":50,"column":8},"end":{"line":52,"column":9}},"10":{"start":{"line":51,"column":10},"end":{"line":51,"column":34}},"11":{"start":{"line":53,"column":8},"end":{"line":55,"column":9}},"12":{"start":{"line":54,"column":10},"end":{"line":54,"column":49}},"13":{"start":{"line":56,"column":8},"end":{"line":58,"column":9}},"14":{"start":{"line":57,"column":10},"end":{"line":57,"column":45}},"15":{"start":{"line":60,"column":31},"end":{"line":60,"column":75}},"16":{"start":{"line":61,"column":8},"end":{"line":63,"column":9}},"17":{"start":{"line":62,"column":10},"end":{"line":62,"column":94}},"18":{"start":{"line":64,"column":25},"end":{"line":64,"column":47}},"19":{"start":{"line":65,"column":27},"end":{"line":65,"column":31}},"20":{"start":{"line":66,"column":29},"end":{"line":66,"column":118}},"21":{"start":{"line":67,"column":8},"end":{"line":69,"column":9}},"22":{"start":{"line":68,"column":10},"end":{"line":68,"column":80}},"23":{"start":{"line":71,"column":8},"end":{"line":76,"column":9}},"24":{"start":{"line":72,"column":10},"end":{"line":72,"column":108}},"25":{"start":{"line":73,"column":10},"end":{"line":75,"column":11}},"26":{"start":{"line":74,"column":12},"end":{"line":74,"column":73}},"27":{"start":{"line":77,"column":8},"end":{"line":82,"column":9}},"28":{"start":{"line":78,"column":10},"end":{"line":78,"column":101}},"29":{"start":{"line":79,"column":10},"end":{"line":81,"column":11}},"30":{"start":{"line":80,"column":12},"end":{"line":80,"column":66}},"31":{"start":{"line":85,"column":8},"end":{"line":87,"column":9}},"32":{"start":{"line":86,"column":10},"end":{"line":86,"column":33}},"33":{"start":{"line":89,"column":6},"end":{"line":89,"column":13}},"34":{"start":{"line":92,"column":6},"end":{"line":92,"column":13}},"35":{"start":{"line":162,"column":6},"end":{"line":164,"column":7}},"36":{"start":{"line":163,"column":8},"end":{"line":163,"column":22}},"37":{"start":{"line":165,"column":20},"end":{"line":168,"column":8}},"38":{"start":{"line":169,"column":6},"end":{"line":169,"column":37}}},"fnMap":{"0":{"name":"(anonymous_0)","decl":{"start":{"line":34,"column":23},"end":{"line":34,"column":24}},"loc":{"start":{"line":34,"column":46},"end":{"line":40,"column":5}},"line":34},"1":{"name":"(anonymous_1)","decl":{"start":{"line":41,"column":40},"end":{"line":41,"column":41}},"loc":{"start":{"line":41,"column":65},"end":{"line":90,"column":5}},"line":41},"2":{"name":"(anonymous_2)","decl":{"start":{"line":91,"column":15},"end":{"line":91,"column":16}},"loc":{"start":{"line":91,"column":39},"end":{"line":93,"column":5}},"line":91},"3":{"name":"(anonymous_3)","decl":{"start":{"line":160,"column":18},"end":{"line":160,"column":19}},"loc":{"start":{"line":160,"column":43},"end":{"line":170,"column":5}},"line":160}},"branchMap":{"0":{"loc":{"start":{"line":36,"column":6},"end":{"line":38,"column":7}},"type":"if","locations":[{"start":{"line":36,"column":6},"end":{"line":38,"column":7}},{"start":{"line":36,"column":6},"end":{"line":38,"column":7}}],"line":36},"1":{"loc":{"start":{"line":47,"column":6},"end":{"line":88,"column":7}},"type":"if","locations":[{"start":{"line":47,"column":6},"end":{"line":88,"column":7}},{"start":{"line":47,"column":6},"end":{"line":88,"column":7}}],"line":47},"2":{"loc":{"start":{"line":50,"column":8},"end":{"line":52,"column":9}},"type":"if","locations":[{"start":{"line":50,"column":8},"end":{"line":52,"column":9}},{"start":{"line":50,"column":8},"end":{"line":52,"column":9}}],"line":50},"3":{"loc":{"start":{"line":53,"column":8},"end":{"line":55,"column":9}},"type":"if","locations":[{"start":{"line":53,"column":8},"end":{"line":55,"column":9}},{"start":{"line":53,"column":8},"end":{"line":55,"column":9}}],"line":53},"4":{"loc":{"start":{"line":53,"column":12},"end":{"line":53,"column":67}},"type":"binary-expr","locations":[{"start":{"line":53,"column":12},"end":{"line":53,"column":28}},{"start":{"line":53,"column":32},"end":{"line":53,"column":67}}],"line":53},"5":{"loc":{"start":{"line":56,"column":8},"end":{"line":58,"column":9}},"type":"if","locations":[{"start":{"line":56,"column":8},"end":{"line":58,"column":9}},{"start":{"line":56,"column":8},"end":{"line":58,"column":9}}],"line":56},"6":{"loc":{"start":{"line":56,"column":12},"end":{"line":56,"column":63}},"type":"binary-expr","locations":[{"start":{"line":56,"column":12},"end":{"line":56,"column":26}},{"start":{"line":56,"column":30},"end":{"line":56,"column":63}}],"line":56},"7":{"loc":{"start":{"line":61,"column":8},"end":{"line":63,"column":9}},"type":"if","locations":[{"start":{"line":61,"column":8},"end":{"line":63,"column":9}},{"start":{"line":61,"column":8},"end":{"line":63,"column":9}}],"line":61},"8":{"loc":{"start":{"line":67,"column":8},"end":{"line":69,"column":9}},"type":"if","locations":[{"start":{"line":67,"column":8},"end":{"line":69,"column":9}},{"start":{"line":67,"column":8},"end":{"line":69,"column":9}}],"line":67},"9":{"loc":{"start":{"line":71,"column":8},"end":{"line":76,"column":9}},"type":"if","locations":[{"start":{"line":71,"column":8},"end":{"line":76,"column":9}},{"start":{"line":71,"column":8},"end":{"line":76,"column":9}}],"line":71},"10":{"loc":{"start":{"line":73,"column":10},"end":{"line":75,"column":11}},"type":"if","locations":[{"start":{"line":73,"column":10},"end":{"line":75,"column":11}},{"start":{"line":73,"column":10},"end":{"line":75,"column":11}}],"line":73},"11":{"loc":{"start":{"line":77,"column":8},"end":{"line":82,"column":9}},"type":"if","locations":[{"start":{"line":77,"column":8},"end":{"line":82,"column":9}},{"start":{"line":77,"column":8},"end":{"line":82,"column":9}}],"line":77},"12":{"loc":{"start":{"line":79,"column":10},"end":{"line":81,"column":11}},"type":"if","locations":[{"start":{"line":79,"column":10},"end":{"line":81,"column":11}},{"start":{"line":79,"column":10},"end":{"line":81,"column":11}}],"line":79},"13":{"loc":{"start":{"line":85,"column":8},"end":{"line":87,"column":9}},"type":"if","locations":[{"start":{"line":85,"column":8},"end":{"line":87,"column":9}},{"start":{"line":85,"column":8},"end":{"line":87,"column":9}}],"line":85},"14":{"loc":{"start":{"line":162,"column":6},"end":{"line":164,"column":7}},"type":"if","locations":[{"start":{"line":162,"column":6},"end":{"line":164,"column":7}},{"start":{"line":162,"column":6},"end":{"line":164,"column":7}}],"line":162}},"s":{"0":1,"1":0,"2":0,"3":0,"4":0,"5":0,"6":0,"7":0,"8":0,"9":0,"10":0,"11":0,"12":0,"13":0,"14":0,"15":0,"16":0,"17":0,"18":0,"19":0,"20":0,"21":0,"22":0,"23":0,"24":0,"25":0,"26":0,"27":0,"28":0,"29":0,"30":0,"31":0,"32":0,"33":0,"34":0,"35":44,"36":3,"37":41,"38":41},"f":{"0":0,"1":0,"2":0,"3":44},"b":{"0":[0,0],"1":[0,0],"2":[0,0],"3":[0,0],"4":[0,0],"5":[0,0],"6":[0,0],"7":[0,0],"8":[0,0],"9":[0,0],"10":[0,0],"11":[0,0],"12":[0,0],"13":[0,0],"14":[3,41]},"_coverageSchema":"43e27e138ebf9cfc5966b082cf9a028302ed4184","hash":"8b690a87e96da482399a7891dbe68d069e44514f","contentHash":"8c20b7089b5962fa7bce39526822359d9c77cc277d6ad045dcb0d5b48d528783"},"/opt/redbox-portal/config/i18n.js":{"path":"/opt/redbox-portal/config/i18n.js","statementMap":{"0":{"start":{"line":18,"column":0},"end":{"line":57,"column":2}}},"fnMap":{},"branchMap":{},"s":{"0":1},"f":{},"b":{},"_coverageSchema":"43e27e138ebf9cfc5966b082cf9a028302ed4184","hash":"f748735ef4605828fac091577f84b348f9a6da7f","contentHash":"8a2603af71a0ee08e05e9c89c919211ffc0ab15ff6b34f603540b7c2677c8e7e"},"/opt/redbox-portal/config/jsonld.js":{"path":"/opt/redbox-portal/config/jsonld.js","statementMap":{"0":{"start":{"line":6,"column":0},"end":{"line":28,"column":2}}},"fnMap":{},"branchMap":{},"s":{"0":1},"f":{},"b":{},"_coverageSchema":"43e27e138ebf9cfc5966b082cf9a028302ed4184","hash":"859d500f54a2595dd3ac8412657cec4e9f65f7f3","contentHash":"6279b937cba46975bf542fb39c9b38aa83ce74e3b0eddaf775dfc8ad413dd34c"},"/opt/redbox-portal/config/log.js":{"path":"/opt/redbox-portal/config/log.js","statementMap":{"0":{"start":{"line":13,"column":0},"end":{"line":15,"column":2}}},"fnMap":{},"branchMap":{},"s":{"0":1},"f":{},"b":{},"_coverageSchema":"43e27e138ebf9cfc5966b082cf9a028302ed4184","hash":"cb2c5854fbc30eb98d00c891bfe385c282884c56","contentHash":"b93a2a627ee7cd56d6a8d2f8c66024a0e9ebee014ba2cdb3c4b613d794bf6497"},"/opt/redbox-portal/config/mint.js":{"path":"/opt/redbox-portal/config/mint.js","statementMap":{"0":{"start":{"line":1,"column":0},"end":{"line":9,"column":2}}},"fnMap":{},"branchMap":{},"s":{"0":1},"f":{},"b":{},"_coverageSchema":"43e27e138ebf9cfc5966b082cf9a028302ed4184","hash":"0bc4ff61c7fa342fa92a2025e7560528415d8824","contentHash":"18d910504e7f4b1c258dc7c831530d48627efea442a77c1a7fa2cd43b39956df"},"/opt/redbox-portal/config/models.js":{"path":"/opt/redbox-portal/config/models.js","statementMap":{"0":{"start":{"line":12,"column":0},"end":{"line":70,"column":2}}},"fnMap":{},"branchMap":{},"s":{"0":1},"f":{},"b":{},"_coverageSchema":"43e27e138ebf9cfc5966b082cf9a028302ed4184","hash":"0e94b1d8e3c6463959fc68e24c54fda7f6dff455","contentHash":"529ab4722bf53bce2ab7af46f963609e82ca138a902ac5e2938a82f346c33065"},"/opt/redbox-portal/config/ng2.js":{"path":"/opt/redbox-portal/config/ng2.js","statementMap":{"0":{"start":{"line":5,"column":0},"end":{"line":9,"column":2}}},"fnMap":{},"branchMap":{},"s":{"0":1},"f":{},"b":{},"_coverageSchema":"43e27e138ebf9cfc5966b082cf9a028302ed4184","hash":"110db8ebfd3afd6bd6b4993aef74e82f3e9028bf","contentHash":"c69ab7124928ba825e17ed17dbd5a256a6803d693dde2f774bb8c4c426bc0ae6"},"/opt/redbox-portal/config/orcid.js":{"path":"/opt/redbox-portal/config/orcid.js","statementMap":{"0":{"start":{"line":1,"column":0},"end":{"line":3,"column":2}}},"fnMap":{},"branchMap":{},"s":{"0":1},"f":{},"b":{},"_coverageSchema":"43e27e138ebf9cfc5966b082cf9a028302ed4184","hash":"99dc917f7a1f8d99ffadaa373a91efd641ceafe6","contentHash":"7b6db6cd45e90d1548bcd076cec9039ded4b2feb6c1ff4aacae71ee6e667ef9d"},"/opt/redbox-portal/config/orm.js":{"path":"/opt/redbox-portal/config/orm.js","statementMap":{"0":{"start":{"line":1,"column":0},"end":{"line":3,"column":2}}},"fnMap":{},"branchMap":{},"s":{"0":1},"f":{},"b":{},"_coverageSchema":"43e27e138ebf9cfc5966b082cf9a028302ed4184","hash":"018031560f749424f7bc959eed4a859099ba6ea1","contentHash":"3b18391276fb2d101e207b9e53afc822fb98943559bbf19c7387c31608da59e2"},"/opt/redbox-portal/config/peopleSearch.js":{"path":"/opt/redbox-portal/config/peopleSearch.js","statementMap":{"0":{"start":{"line":1,"column":0},"end":{"line":4,"column":2}}},"fnMap":{},"branchMap":{},"s":{"0":1},"f":{},"b":{},"_coverageSchema":"43e27e138ebf9cfc5966b082cf9a028302ed4184","hash":"bb9fdbbab57b92a699a9bc03473f404efb58fa63","contentHash":"731a3e2f53abf43211344f9e7fb4911e895bf9c07dd516670d9b72d7c553a3d5"},"/opt/redbox-portal/config/policies.js":{"path":"/opt/redbox-portal/config/policies.js","statementMap":{"0":{"start":{"line":20,"column":0},"end":{"line":63,"column":2}}},"fnMap":{},"branchMap":{},"s":{"0":1},"f":{},"b":{},"_coverageSchema":"43e27e138ebf9cfc5966b082cf9a028302ed4184","hash":"32d13d46825ef94c6b4eb223e683820246129059","contentHash":"14501d4898f242646001a2ae5b40f2debc725cf42e47f90d9ad876d26a8bac45"},"/opt/redbox-portal/config/record.js":{"path":"/opt/redbox-portal/config/record.js","statementMap":{"0":{"start":{"line":1,"column":0},"end":{"line":70,"column":2}}},"fnMap":{},"branchMap":{},"s":{"0":1},"f":{},"b":{},"_coverageSchema":"43e27e138ebf9cfc5966b082cf9a028302ed4184","hash":"f4e4bd826e951b4c2287b51e90e6217e9089c8a5","contentHash":"97ac6966b5dbbbb3e0bd1c12cd715009a47423f4631b57ba00234114385a8ee6"},"/opt/redbox-portal/config/recordtype.js":{"path":"/opt/redbox-portal/config/recordtype.js","statementMap":{"0":{"start":{"line":1,"column":0},"end":{"line":512,"column":2}}},"fnMap":{},"branchMap":{},"s":{"0":1},"f":{},"b":{},"_coverageSchema":"43e27e138ebf9cfc5966b082cf9a028302ed4184","hash":"ffe15dfc6892d09df99950998359185472530ffe","contentHash":"4ad63baa6f5bb32bb13e856d1b1dedca392024ed26cc4da000d418da5cedf60c"},"/opt/redbox-portal/config/redboxToCKAN.js":{"path":"/opt/redbox-portal/config/redboxToCKAN.js","statementMap":{"0":{"start":{"line":1,"column":0},"end":{"line":8,"column":1}}},"fnMap":{},"branchMap":{},"s":{"0":1},"f":{},"b":{},"_coverageSchema":"43e27e138ebf9cfc5966b082cf9a028302ed4184","hash":"9127912939fc4da0f90816bbb428a2c1bb94133f","contentHash":"8b2eee14e3e901f2fb5ff4097bc9d64d30ba80c2fc2551b663fd072af00e74f2"},"/opt/redbox-portal/config/report.js":{"path":"/opt/redbox-portal/config/report.js","statementMap":{"0":{"start":{"line":1,"column":0},"end":{"line":34,"column":2}}},"fnMap":{},"branchMap":{},"s":{"0":1},"f":{},"b":{},"_coverageSchema":"43e27e138ebf9cfc5966b082cf9a028302ed4184","hash":"e2d33c9475cb520e2e802e52335daabe6f9bd7d1","contentHash":"e25b152fe6aa4bab452571cb3a32c834d4a8da7179d0ae26103d53cc9a460af6"},"/opt/redbox-portal/config/routes.js":{"path":"/opt/redbox-portal/config/routes.js","statementMap":{"0":{"start":{"line":23,"column":0},"end":{"line":288,"column":2}}},"fnMap":{},"branchMap":{},"s":{"0":1},"f":{},"b":{},"_coverageSchema":"43e27e138ebf9cfc5966b082cf9a028302ed4184","hash":"4810c8a08acc5064aca336ced5d86042f046feda","contentHash":"ffb666fd2e07416bb41f8d7a85998648390397bfb8e6f46247310a92a8582952"},"/opt/redbox-portal/config/session.js":{"path":"/opt/redbox-portal/config/session.js","statementMap":{"0":{"start":{"line":15,"column":0},"end":{"line":100,"column":2}}},"fnMap":{},"branchMap":{},"s":{"0":1},"f":{},"b":{},"_coverageSchema":"43e27e138ebf9cfc5966b082cf9a028302ed4184","hash":"63d18b39849c340f52e94cff61efa96c68ef5665","contentHash":"43eb1da09ab9dab9fa33b5eae9b3150c3f4c543290cf82781e72e27c395ca699"},"/opt/redbox-portal/config/sockets.js":{"path":"/opt/redbox-portal/config/sockets.js","statementMap":{"0":{"start":{"line":13,"column":0},"end":{"line":141,"column":2}}},"fnMap":{},"branchMap":{},"s":{"0":1},"f":{},"b":{},"_coverageSchema":"43e27e138ebf9cfc5966b082cf9a028302ed4184","hash":"551dce3d17bd1d5153430fb6b51e393fc642aab7","contentHash":"f5bbe2468c21a09ddad013c202f6ddfb71591b83d29c7143d381ec1c29e911c5"},"/opt/redbox-portal/config/static_assets.js":{"path":"/opt/redbox-portal/config/static_assets.js","statementMap":{"0":{"start":{"line":1,"column":0},"end":{"line":4,"column":2}}},"fnMap":{},"branchMap":{},"s":{"0":1},"f":{},"b":{},"_coverageSchema":"43e27e138ebf9cfc5966b082cf9a028302ed4184","hash":"c73dd8fe974f2b67493eedace52e80160e2e1b5a","contentHash":"243ef64999656f6f55c0eb0aae13264c7d461c4540bccb076c7eda54d919deec"},"/opt/redbox-portal/config/typescript.js":{"path":"/opt/redbox-portal/config/typescript.js","statementMap":{"0":{"start":{"line":1,"column":0},"end":{"line":3,"column":2}}},"fnMap":{},"branchMap":{},"s":{"0":1},"f":{},"b":{},"_coverageSchema":"43e27e138ebf9cfc5966b082cf9a028302ed4184","hash":"dd33d1c97ecdc90115ef5988ec02be40cf1b497d","contentHash":"a56c3f26564459f548b094e0a07e766b211c70fd9d76e1a6c03a109269987335"},"/opt/redbox-portal/config/views.js":{"path":"/opt/redbox-portal/config/views.js","statementMap":{"0":{"start":{"line":14,"column":0},"end":{"line":95,"column":2}}},"fnMap":{},"branchMap":{},"s":{"0":1},"f":{},"b":{},"_coverageSchema":"43e27e138ebf9cfc5966b082cf9a028302ed4184","hash":"207cf79746027120f4ae1080ebaaf3e77def24a6","contentHash":"7b25ec84d0c7c97031e2e0e8d2dfe8f527ec10dce44bc5c8d5769678984b9231"},"/opt/redbox-portal/config/vocab.js":{"path":"/opt/redbox-portal/config/vocab.js","statementMap":{"0":{"start":{"line":1,"column":0},"end":{"line":20,"column":2}}},"fnMap":{},"branchMap":{},"s":{"0":1},"f":{},"b":{},"_coverageSchema":"43e27e138ebf9cfc5966b082cf9a028302ed4184","hash":"9cecfb28bb4ec9863689552bab754515783ff8eb","contentHash":"e7ac2efa882f70e48939a72285d5190250a88987804a41c0421048a07a552a6b"},"/opt/redbox-portal/config/workflow.js":{"path":"/opt/redbox-portal/config/workflow.js","statementMap":{"0":{"start":{"line":1,"column":0},"end":{"line":138,"column":2}}},"fnMap":{},"branchMap":{},"s":{"0":1},"f":{},"b":{},"_coverageSchema":"43e27e138ebf9cfc5966b082cf9a028302ed4184","hash":"a54e02af6176bfd4f64df0a0692aea4cc651da6c","contentHash":"5b23c8e7d5e2e9443de647257ac7517505c2f09fbb60563a247afd0457ff2943"},"/opt/redbox-portal/config/workspacetype.js":{"path":"/opt/redbox-portal/config/workspacetype.js","statementMap":{"0":{"start":{"line":4,"column":0},"end":{"line":5,"column":1}}},"fnMap":{},"branchMap":{},"s":{"0":1},"f":{},"b":{},"_coverageSchema":"43e27e138ebf9cfc5966b082cf9a028302ed4184","hash":"fc32217981bcb0d1aa984c3556a8d44219ce77b1","contentHash":"9dabdfe32df1f24e3e842fab54fa22f28d72338eb243c683e5db5b7bb5e1dedc"},"/opt/redbox-portal/config/env/docker.js":{"path":"/opt/redbox-portal/config/env/docker.js","statementMap":{"0":{"start":{"line":13,"column":0},"end":{"line":83,"column":2}}},"fnMap":{},"branchMap":{},"s":{"0":1},"f":{},"b":{},"_coverageSchema":"43e27e138ebf9cfc5966b082cf9a028302ed4184","hash":"25e4d27db2645a4a06eaca76f156c35296b48955","contentHash":"58e372ecc8efb54e85dd8377afd480d502ef780673b1a2be8d225e0bc11d0602"},"/opt/redbox-portal/api/responses/badRequest.js":{"path":"/opt/redbox-portal/api/responses/badRequest.js","statementMap":{"0":{"start":{"line":18,"column":0},"end":{"line":75,"column":2}},"1":{"start":{"line":21,"column":12},"end":{"line":21,"column":20}},"2":{"start":{"line":22,"column":12},"end":{"line":22,"column":20}},"3":{"start":{"line":23,"column":14},"end":{"line":23,"column":24}},"4":{"start":{"line":26,"column":2},"end":{"line":26,"column":18}},"5":{"start":{"line":29,"column":2},"end":{"line":32,"column":65}},"6":{"start":{"line":30,"column":4},"end":{"line":30,"column":71}},"7":{"start":{"line":32,"column":7},"end":{"line":32,"column":65}},"8":{"start":{"line":37,"column":2},"end":{"line":39,"column":3}},"9":{"start":{"line":38,"column":4},"end":{"line":38,"column":21}},"10":{"start":{"line":43,"column":2},"end":{"line":45,"column":3}},"11":{"start":{"line":44,"column":4},"end":{"line":44,"column":27}},"12":{"start":{"line":49,"column":2},"end":{"line":49,"column":78}},"13":{"start":{"line":52,"column":17},"end":{"line":52,"column":21}},"14":{"start":{"line":53,"column":2},"end":{"line":60,"column":3}},"15":{"start":{"line":54,"column":4},"end":{"line":59,"column":5}},"16":{"start":{"line":55,"column":6},"end":{"line":55,"column":62}},"17":{"start":{"line":58,"column":6},"end":{"line":58,"column":27}},"18":{"start":{"line":65,"column":2},"end":{"line":73,"column":5}},"19":{"start":{"line":66,"column":4},"end":{"line":66,"column":76}},"20":{"start":{"line":71,"column":7},"end":{"line":73,"column":5}},"21":{"start":{"line":72,"column":4},"end":{"line":72,"column":27}}},"fnMap":{"0":{"name":"badRequest","decl":{"start":{"line":18,"column":26},"end":{"line":18,"column":36}},"loc":{"start":{"line":18,"column":52},"end":{"line":75,"column":1}},"line":18},"1":{"name":"couldNotGuessView","decl":{"start":{"line":71,"column":79},"end":{"line":71,"column":96}},"loc":{"start":{"line":71,"column":100},"end":{"line":73,"column":3}},"line":71}},"branchMap":{"0":{"loc":{"start":{"line":29,"column":2},"end":{"line":32,"column":65}},"type":"if","locations":[{"start":{"line":29,"column":2},"end":{"line":32,"column":65}},{"start":{"line":29,"column":2},"end":{"line":32,"column":65}}],"line":29},"1":{"loc":{"start":{"line":37,"column":2},"end":{"line":39,"column":3}},"type":"if","locations":[{"start":{"line":37,"column":2},"end":{"line":39,"column":3}},{"start":{"line":37,"column":2},"end":{"line":39,"column":3}}],"line":37},"2":{"loc":{"start":{"line":37,"column":6},"end":{"line":37,"column":91}},"type":"binary-expr","locations":[{"start":{"line":37,"column":6},"end":{"line":37,"column":47}},{"start":{"line":37,"column":51},"end":{"line":37,"column":91}}],"line":37},"3":{"loc":{"start":{"line":43,"column":2},"end":{"line":45,"column":3}},"type":"if","locations":[{"start":{"line":43,"column":2},"end":{"line":45,"column":3}},{"start":{"line":43,"column":2},"end":{"line":45,"column":3}}],"line":43},"4":{"loc":{"start":{"line":43,"column":6},"end":{"line":43,"column":57}},"type":"binary-expr","locations":[{"start":{"line":43,"column":6},"end":{"line":43,"column":19}},{"start":{"line":43,"column":23},"end":{"line":43,"column":57}}],"line":43},"5":{"loc":{"start":{"line":49,"column":12},"end":{"line":49,"column":77}},"type":"cond-expr","locations":[{"start":{"line":49,"column":44},"end":{"line":49,"column":61}},{"start":{"line":49,"column":64},"end":{"line":49,"column":77}}],"line":49},"6":{"loc":{"start":{"line":49,"column":64},"end":{"line":49,"column":77}},"type":"binary-expr","locations":[{"start":{"line":49,"column":64},"end":{"line":49,"column":71}},{"start":{"line":49,"column":75},"end":{"line":49,"column":77}}],"line":49},"7":{"loc":{"start":{"line":53,"column":2},"end":{"line":60,"column":3}},"type":"if","locations":[{"start":{"line":53,"column":2},"end":{"line":60,"column":3}},{"start":{"line":53,"column":2},"end":{"line":60,"column":3}}],"line":53},"8":{"loc":{"start":{"line":53,"column":6},"end":{"line":53,"column":65}},"type":"binary-expr","locations":[{"start":{"line":53,"column":6},"end":{"line":53,"column":34}},{"start":{"line":53,"column":38},"end":{"line":53,"column":65}}],"line":53},"9":{"loc":{"start":{"line":65,"column":2},"end":{"line":73,"column":5}},"type":"if","locations":[{"start":{"line":65,"column":2},"end":{"line":73,"column":5}},{"start":{"line":65,"column":2},"end":{"line":73,"column":5}}],"line":65}},"s":{"0":1,"1":0,"2":0,"3":0,"4":0,"5":0,"6":0,"7":0,"8":0,"9":0,"10":0,"11":0,"12":0,"13":0,"14":0,"15":0,"16":0,"17":0,"18":0,"19":0,"20":0,"21":0},"f":{"0":0,"1":0},"b":{"0":[0,0],"1":[0,0],"2":[0,0],"3":[0,0],"4":[0,0],"5":[0,0],"6":[0,0],"7":[0,0],"8":[0,0],"9":[0,0]},"_coverageSchema":"43e27e138ebf9cfc5966b082cf9a028302ed4184","hash":"933249d489ce0d86555139e7f7625708b7f7ad3e","contentHash":"f335b3d07e1dfd49188f65224f65df048111912b5117bb2300e5ce08715cd757"},"/opt/redbox-portal/api/responses/created.js":{"path":"/opt/redbox-portal/api/responses/created.js","statementMap":{"0":{"start":{"line":14,"column":0},"end":{"line":60,"column":2}},"1":{"start":{"line":17,"column":12},"end":{"line":17,"column":20}},"2":{"start":{"line":18,"column":12},"end":{"line":18,"column":20}},"3":{"start":{"line":19,"column":14},"end":{"line":19,"column":24}},"4":{"start":{"line":21,"column":2},"end":{"line":21,"column":71}},"5":{"start":{"line":24,"column":2},"end":{"line":24,"column":18}},"6":{"start":{"line":28,"column":2},"end":{"line":30,"column":3}},"7":{"start":{"line":29,"column":4},"end":{"line":29,"column":27}},"8":{"start":{"line":34,"column":2},"end":{"line":34,"column":78}},"9":{"start":{"line":37,"column":17},"end":{"line":37,"column":21}},"10":{"start":{"line":38,"column":2},"end":{"line":45,"column":3}},"11":{"start":{"line":39,"column":4},"end":{"line":44,"column":5}},"12":{"start":{"line":40,"column":6},"end":{"line":40,"column":62}},"13":{"start":{"line":43,"column":6},"end":{"line":43,"column":27}},"14":{"start":{"line":50,"column":2},"end":{"line":58,"column":5}},"15":{"start":{"line":51,"column":4},"end":{"line":51,"column":72}},"16":{"start":{"line":56,"column":7},"end":{"line":58,"column":5}},"17":{"start":{"line":57,"column":4},"end":{"line":57,"column":27}}},"fnMap":{"0":{"name":"created","decl":{"start":{"line":14,"column":26},"end":{"line":14,"column":33}},"loc":{"start":{"line":14,"column":50},"end":{"line":60,"column":1}},"line":14},"1":{"name":"couldNotGuessView","decl":{"start":{"line":56,"column":75},"end":{"line":56,"column":92}},"loc":{"start":{"line":56,"column":96},"end":{"line":58,"column":3}},"line":56}},"branchMap":{"0":{"loc":{"start":{"line":28,"column":2},"end":{"line":30,"column":3}},"type":"if","locations":[{"start":{"line":28,"column":2},"end":{"line":30,"column":3}},{"start":{"line":28,"column":2},"end":{"line":30,"column":3}}],"line":28},"1":{"loc":{"start":{"line":28,"column":6},"end":{"line":28,"column":57}},"type":"binary-expr","locations":[{"start":{"line":28,"column":6},"end":{"line":28,"column":19}},{"start":{"line":28,"column":23},"end":{"line":28,"column":57}}],"line":28},"2":{"loc":{"start":{"line":34,"column":12},"end":{"line":34,"column":77}},"type":"cond-expr","locations":[{"start":{"line":34,"column":44},"end":{"line":34,"column":61}},{"start":{"line":34,"column":64},"end":{"line":34,"column":77}}],"line":34},"3":{"loc":{"start":{"line":34,"column":64},"end":{"line":34,"column":77}},"type":"binary-expr","locations":[{"start":{"line":34,"column":64},"end":{"line":34,"column":71}},{"start":{"line":34,"column":75},"end":{"line":34,"column":77}}],"line":34},"4":{"loc":{"start":{"line":38,"column":2},"end":{"line":45,"column":3}},"type":"if","locations":[{"start":{"line":38,"column":2},"end":{"line":45,"column":3}},{"start":{"line":38,"column":2},"end":{"line":45,"column":3}}],"line":38},"5":{"loc":{"start":{"line":38,"column":6},"end":{"line":38,"column":65}},"type":"binary-expr","locations":[{"start":{"line":38,"column":6},"end":{"line":38,"column":34}},{"start":{"line":38,"column":38},"end":{"line":38,"column":65}}],"line":38},"6":{"loc":{"start":{"line":50,"column":2},"end":{"line":58,"column":5}},"type":"if","locations":[{"start":{"line":50,"column":2},"end":{"line":58,"column":5}},{"start":{"line":50,"column":2},"end":{"line":58,"column":5}}],"line":50}},"s":{"0":1,"1":0,"2":0,"3":0,"4":0,"5":0,"6":0,"7":0,"8":0,"9":0,"10":0,"11":0,"12":0,"13":0,"14":0,"15":0,"16":0,"17":0},"f":{"0":0,"1":0},"b":{"0":[0,0],"1":[0,0],"2":[0,0],"3":[0,0],"4":[0,0],"5":[0,0],"6":[0,0]},"_coverageSchema":"43e27e138ebf9cfc5966b082cf9a028302ed4184","hash":"a2f8ed4fe5f86f065c47c81cc5802d2b1fc70db7","contentHash":"2d4e4c148e70dadf271961f2efb70b8929d44a77025b7bc444e87e120ba527a0"},"/opt/redbox-portal/api/responses/forbidden.js":{"path":"/opt/redbox-portal/api/responses/forbidden.js","statementMap":{"0":{"start":{"line":15,"column":0},"end":{"line":90,"column":2}},"1":{"start":{"line":18,"column":12},"end":{"line":18,"column":20}},"2":{"start":{"line":19,"column":12},"end":{"line":19,"column":20}},"3":{"start":{"line":20,"column":14},"end":{"line":20,"column":24}},"4":{"start":{"line":23,"column":2},"end":{"line":23,"column":18}},"5":{"start":{"line":26,"column":2},"end":{"line":29,"column":63}},"6":{"start":{"line":27,"column":4},"end":{"line":27,"column":69}},"7":{"start":{"line":29,"column":7},"end":{"line":29,"column":63}},"8":{"start":{"line":34,"column":2},"end":{"line":36,"column":3}},"9":{"start":{"line":35,"column":4},"end":{"line":35,"column":21}},"10":{"start":{"line":40,"column":2},"end":{"line":42,"column":3}},"11":{"start":{"line":41,"column":4},"end":{"line":41,"column":27}},"12":{"start":{"line":46,"column":2},"end":{"line":46,"column":78}},"13":{"start":{"line":49,"column":17},"end":{"line":49,"column":21}},"14":{"start":{"line":50,"column":2},"end":{"line":57,"column":3}},"15":{"start":{"line":51,"column":4},"end":{"line":56,"column":5}},"16":{"start":{"line":52,"column":6},"end":{"line":52,"column":62}},"17":{"start":{"line":55,"column":6},"end":{"line":55,"column":27}},"18":{"start":{"line":59,"column":25},"end":{"line":59,"column":72}},"19":{"start":{"line":63,"column":2},"end":{"line":88,"column":5}},"20":{"start":{"line":65,"column":4},"end":{"line":65,"column":119}},"21":{"start":{"line":70,"column":7},"end":{"line":88,"column":5}},"22":{"start":{"line":73,"column":4},"end":{"line":85,"column":5}},"23":{"start":{"line":77,"column":6},"end":{"line":83,"column":7}},"24":{"start":{"line":78,"column":8},"end":{"line":78,"column":124}},"25":{"start":{"line":82,"column":8},"end":{"line":82,"column":145}},"26":{"start":{"line":84,"column":6},"end":{"line":84,"column":29}},"27":{"start":{"line":87,"column":4},"end":{"line":87,"column":26}}},"fnMap":{"0":{"name":"forbidden","decl":{"start":{"line":15,"column":26},"end":{"line":15,"column":35}},"loc":{"start":{"line":15,"column":52},"end":{"line":90,"column":1}},"line":15},"1":{"name":"(anonymous_1)","decl":{"start":{"line":70,"column":117},"end":{"line":70,"column":118}},"loc":{"start":{"line":70,"column":138},"end":{"line":88,"column":3}},"line":70}},"branchMap":{"0":{"loc":{"start":{"line":26,"column":2},"end":{"line":29,"column":63}},"type":"if","locations":[{"start":{"line":26,"column":2},"end":{"line":29,"column":63}},{"start":{"line":26,"column":2},"end":{"line":29,"column":63}}],"line":26},"1":{"loc":{"start":{"line":34,"column":2},"end":{"line":36,"column":3}},"type":"if","locations":[{"start":{"line":34,"column":2},"end":{"line":36,"column":3}},{"start":{"line":34,"column":2},"end":{"line":36,"column":3}}],"line":34},"2":{"loc":{"start":{"line":34,"column":6},"end":{"line":34,"column":91}},"type":"binary-expr","locations":[{"start":{"line":34,"column":6},"end":{"line":34,"column":47}},{"start":{"line":34,"column":51},"end":{"line":34,"column":91}}],"line":34},"3":{"loc":{"start":{"line":40,"column":2},"end":{"line":42,"column":3}},"type":"if","locations":[{"start":{"line":40,"column":2},"end":{"line":42,"column":3}},{"start":{"line":40,"column":2},"end":{"line":42,"column":3}}],"line":40},"4":{"loc":{"start":{"line":40,"column":6},"end":{"line":40,"column":57}},"type":"binary-expr","locations":[{"start":{"line":40,"column":6},"end":{"line":40,"column":19}},{"start":{"line":40,"column":23},"end":{"line":40,"column":57}}],"line":40},"5":{"loc":{"start":{"line":46,"column":12},"end":{"line":46,"column":77}},"type":"cond-expr","locations":[{"start":{"line":46,"column":44},"end":{"line":46,"column":61}},{"start":{"line":46,"column":64},"end":{"line":46,"column":77}}],"line":46},"6":{"loc":{"start":{"line":46,"column":64},"end":{"line":46,"column":77}},"type":"binary-expr","locations":[{"start":{"line":46,"column":64},"end":{"line":46,"column":71}},{"start":{"line":46,"column":75},"end":{"line":46,"column":77}}],"line":46},"7":{"loc":{"start":{"line":50,"column":2},"end":{"line":57,"column":3}},"type":"if","locations":[{"start":{"line":50,"column":2},"end":{"line":57,"column":3}},{"start":{"line":50,"column":2},"end":{"line":57,"column":3}}],"line":50},"8":{"loc":{"start":{"line":50,"column":6},"end":{"line":50,"column":65}},"type":"binary-expr","locations":[{"start":{"line":50,"column":6},"end":{"line":50,"column":34}},{"start":{"line":50,"column":38},"end":{"line":50,"column":65}}],"line":50},"9":{"loc":{"start":{"line":63,"column":2},"end":{"line":88,"column":5}},"type":"if","locations":[{"start":{"line":63,"column":2},"end":{"line":88,"column":5}},{"start":{"line":63,"column":2},"end":{"line":88,"column":5}}],"line":63},"10":{"loc":{"start":{"line":73,"column":4},"end":{"line":85,"column":5}},"type":"if","locations":[{"start":{"line":73,"column":4},"end":{"line":85,"column":5}},{"start":{"line":73,"column":4},"end":{"line":85,"column":5}}],"line":73},"11":{"loc":{"start":{"line":77,"column":6},"end":{"line":83,"column":7}},"type":"if","locations":[{"start":{"line":77,"column":6},"end":{"line":83,"column":7}},{"start":{"line":77,"column":6},"end":{"line":83,"column":7}}],"line":77}},"s":{"0":1,"1":1,"2":1,"3":1,"4":1,"5":1,"6":1,"7":0,"8":1,"9":0,"10":1,"11":1,"12":0,"13":0,"14":0,"15":0,"16":0,"17":0,"18":0,"19":0,"20":0,"21":0,"22":0,"23":0,"24":0,"25":0,"26":0,"27":0},"f":{"0":1,"1":0},"b":{"0":[1,0],"1":[0,1],"2":[1,0],"3":[1,0],"4":[1,0],"5":[0,0],"6":[0,0],"7":[0,0],"8":[0,0],"9":[0,0],"10":[0,0],"11":[0,0]},"_coverageSchema":"43e27e138ebf9cfc5966b082cf9a028302ed4184","hash":"9d8cfe2a67f4815a86ed70b812d4075ad0ce57eb","contentHash":"d9e148932a632918740814c37cc0bf7b6e7201e03c33af6b65e8f97bcf57cf9e"},"/opt/redbox-portal/api/responses/ok.js":{"path":"/opt/redbox-portal/api/responses/ok.js","statementMap":{"0":{"start":{"line":14,"column":0},"end":{"line":60,"column":2}},"1":{"start":{"line":17,"column":12},"end":{"line":17,"column":20}},"2":{"start":{"line":18,"column":12},"end":{"line":18,"column":20}},"3":{"start":{"line":19,"column":14},"end":{"line":19,"column":24}},"4":{"start":{"line":21,"column":2},"end":{"line":21,"column":61}},"5":{"start":{"line":24,"column":2},"end":{"line":24,"column":18}},"6":{"start":{"line":28,"column":2},"end":{"line":30,"column":3}},"7":{"start":{"line":29,"column":4},"end":{"line":29,"column":27}},"8":{"start":{"line":34,"column":2},"end":{"line":34,"column":78}},"9":{"start":{"line":37,"column":17},"end":{"line":37,"column":21}},"10":{"start":{"line":38,"column":2},"end":{"line":45,"column":3}},"11":{"start":{"line":39,"column":4},"end":{"line":44,"column":5}},"12":{"start":{"line":40,"column":6},"end":{"line":40,"column":62}},"13":{"start":{"line":43,"column":6},"end":{"line":43,"column":27}},"14":{"start":{"line":50,"column":2},"end":{"line":58,"column":5}},"15":{"start":{"line":51,"column":4},"end":{"line":51,"column":67}},"16":{"start":{"line":56,"column":7},"end":{"line":58,"column":5}},"17":{"start":{"line":57,"column":4},"end":{"line":57,"column":27}}},"fnMap":{"0":{"name":"sendOK","decl":{"start":{"line":14,"column":26},"end":{"line":14,"column":32}},"loc":{"start":{"line":14,"column":49},"end":{"line":60,"column":1}},"line":14},"1":{"name":"couldNotGuessView","decl":{"start":{"line":56,"column":70},"end":{"line":56,"column":87}},"loc":{"start":{"line":56,"column":91},"end":{"line":58,"column":3}},"line":56}},"branchMap":{"0":{"loc":{"start":{"line":28,"column":2},"end":{"line":30,"column":3}},"type":"if","locations":[{"start":{"line":28,"column":2},"end":{"line":30,"column":3}},{"start":{"line":28,"column":2},"end":{"line":30,"column":3}}],"line":28},"1":{"loc":{"start":{"line":28,"column":6},"end":{"line":28,"column":57}},"type":"binary-expr","locations":[{"start":{"line":28,"column":6},"end":{"line":28,"column":19}},{"start":{"line":28,"column":23},"end":{"line":28,"column":57}}],"line":28},"2":{"loc":{"start":{"line":34,"column":12},"end":{"line":34,"column":77}},"type":"cond-expr","locations":[{"start":{"line":34,"column":44},"end":{"line":34,"column":61}},{"start":{"line":34,"column":64},"end":{"line":34,"column":77}}],"line":34},"3":{"loc":{"start":{"line":34,"column":64},"end":{"line":34,"column":77}},"type":"binary-expr","locations":[{"start":{"line":34,"column":64},"end":{"line":34,"column":71}},{"start":{"line":34,"column":75},"end":{"line":34,"column":77}}],"line":34},"4":{"loc":{"start":{"line":38,"column":2},"end":{"line":45,"column":3}},"type":"if","locations":[{"start":{"line":38,"column":2},"end":{"line":45,"column":3}},{"start":{"line":38,"column":2},"end":{"line":45,"column":3}}],"line":38},"5":{"loc":{"start":{"line":38,"column":6},"end":{"line":38,"column":65}},"type":"binary-expr","locations":[{"start":{"line":38,"column":6},"end":{"line":38,"column":34}},{"start":{"line":38,"column":38},"end":{"line":38,"column":65}}],"line":38},"6":{"loc":{"start":{"line":50,"column":2},"end":{"line":58,"column":5}},"type":"if","locations":[{"start":{"line":50,"column":2},"end":{"line":58,"column":5}},{"start":{"line":50,"column":2},"end":{"line":58,"column":5}}],"line":50}},"s":{"0":1,"1":0,"2":0,"3":0,"4":0,"5":0,"6":0,"7":0,"8":0,"9":0,"10":0,"11":0,"12":0,"13":0,"14":0,"15":0,"16":0,"17":0},"f":{"0":0,"1":0},"b":{"0":[0,0],"1":[0,0],"2":[0,0],"3":[0,0],"4":[0,0],"5":[0,0],"6":[0,0]},"_coverageSchema":"43e27e138ebf9cfc5966b082cf9a028302ed4184","hash":"5846ac0337c143e0bd7ffb898f17ff51b37330e1","contentHash":"97296ae0464a6fc01d2d329ab2ad3d31d73a4ced2f11e5771735675b1df5b7e5"},"/opt/redbox-portal/api/responses/serverError.js":{"path":"/opt/redbox-portal/api/responses/serverError.js","statementMap":{"0":{"start":{"line":15,"column":0},"end":{"line":88,"column":2}},"1":{"start":{"line":18,"column":12},"end":{"line":18,"column":20}},"2":{"start":{"line":19,"column":12},"end":{"line":19,"column":20}},"3":{"start":{"line":20,"column":14},"end":{"line":20,"column":24}},"4":{"start":{"line":23,"column":2},"end":{"line":23,"column":18}},"5":{"start":{"line":26,"column":2},"end":{"line":29,"column":70}},"6":{"start":{"line":27,"column":4},"end":{"line":27,"column":70}},"7":{"start":{"line":29,"column":7},"end":{"line":29,"column":70}},"8":{"start":{"line":34,"column":2},"end":{"line":36,"column":3}},"9":{"start":{"line":35,"column":4},"end":{"line":35,"column":21}},"10":{"start":{"line":40,"column":2},"end":{"line":42,"column":3}},"11":{"start":{"line":41,"column":4},"end":{"line":41,"column":27}},"12":{"start":{"line":46,"column":2},"end":{"line":46,"column":78}},"13":{"start":{"line":49,"column":17},"end":{"line":49,"column":21}},"14":{"start":{"line":50,"column":2},"end":{"line":57,"column":3}},"15":{"start":{"line":51,"column":4},"end":{"line":56,"column":5}},"16":{"start":{"line":52,"column":6},"end":{"line":52,"column":62}},"17":{"start":{"line":55,"column":6},"end":{"line":55,"column":27}},"18":{"start":{"line":62,"column":2},"end":{"line":86,"column":5}},"19":{"start":{"line":63,"column":4},"end":{"line":63,"column":77}},"20":{"start":{"line":68,"column":7},"end":{"line":86,"column":5}},"21":{"start":{"line":71,"column":4},"end":{"line":83,"column":5}},"22":{"start":{"line":75,"column":6},"end":{"line":81,"column":7}},"23":{"start":{"line":76,"column":8},"end":{"line":76,"column":126}},"24":{"start":{"line":80,"column":8},"end":{"line":80,"column":147}},"25":{"start":{"line":82,"column":6},"end":{"line":82,"column":29}},"26":{"start":{"line":85,"column":4},"end":{"line":85,"column":26}}},"fnMap":{"0":{"name":"serverError","decl":{"start":{"line":15,"column":26},"end":{"line":15,"column":37}},"loc":{"start":{"line":15,"column":54},"end":{"line":88,"column":1}},"line":15},"1":{"name":"(anonymous_1)","decl":{"start":{"line":68,"column":73},"end":{"line":68,"column":74}},"loc":{"start":{"line":68,"column":94},"end":{"line":86,"column":3}},"line":68}},"branchMap":{"0":{"loc":{"start":{"line":26,"column":2},"end":{"line":29,"column":70}},"type":"if","locations":[{"start":{"line":26,"column":2},"end":{"line":29,"column":70}},{"start":{"line":26,"column":2},"end":{"line":29,"column":70}}],"line":26},"1":{"loc":{"start":{"line":34,"column":2},"end":{"line":36,"column":3}},"type":"if","locations":[{"start":{"line":34,"column":2},"end":{"line":36,"column":3}},{"start":{"line":34,"column":2},"end":{"line":36,"column":3}}],"line":34},"2":{"loc":{"start":{"line":34,"column":6},"end":{"line":34,"column":91}},"type":"binary-expr","locations":[{"start":{"line":34,"column":6},"end":{"line":34,"column":47}},{"start":{"line":34,"column":51},"end":{"line":34,"column":91}}],"line":34},"3":{"loc":{"start":{"line":40,"column":2},"end":{"line":42,"column":3}},"type":"if","locations":[{"start":{"line":40,"column":2},"end":{"line":42,"column":3}},{"start":{"line":40,"column":2},"end":{"line":42,"column":3}}],"line":40},"4":{"loc":{"start":{"line":40,"column":6},"end":{"line":40,"column":57}},"type":"binary-expr","locations":[{"start":{"line":40,"column":6},"end":{"line":40,"column":19}},{"start":{"line":40,"column":23},"end":{"line":40,"column":57}}],"line":40},"5":{"loc":{"start":{"line":46,"column":12},"end":{"line":46,"column":77}},"type":"cond-expr","locations":[{"start":{"line":46,"column":44},"end":{"line":46,"column":61}},{"start":{"line":46,"column":64},"end":{"line":46,"column":77}}],"line":46},"6":{"loc":{"start":{"line":46,"column":64},"end":{"line":46,"column":77}},"type":"binary-expr","locations":[{"start":{"line":46,"column":64},"end":{"line":46,"column":71}},{"start":{"line":46,"column":75},"end":{"line":46,"column":77}}],"line":46},"7":{"loc":{"start":{"line":50,"column":2},"end":{"line":57,"column":3}},"type":"if","locations":[{"start":{"line":50,"column":2},"end":{"line":57,"column":3}},{"start":{"line":50,"column":2},"end":{"line":57,"column":3}}],"line":50},"8":{"loc":{"start":{"line":50,"column":6},"end":{"line":50,"column":65}},"type":"binary-expr","locations":[{"start":{"line":50,"column":6},"end":{"line":50,"column":34}},{"start":{"line":50,"column":38},"end":{"line":50,"column":65}}],"line":50},"9":{"loc":{"start":{"line":62,"column":2},"end":{"line":86,"column":5}},"type":"if","locations":[{"start":{"line":62,"column":2},"end":{"line":86,"column":5}},{"start":{"line":62,"column":2},"end":{"line":86,"column":5}}],"line":62},"10":{"loc":{"start":{"line":71,"column":4},"end":{"line":83,"column":5}},"type":"if","locations":[{"start":{"line":71,"column":4},"end":{"line":83,"column":5}},{"start":{"line":71,"column":4},"end":{"line":83,"column":5}}],"line":71},"11":{"loc":{"start":{"line":75,"column":6},"end":{"line":81,"column":7}},"type":"if","locations":[{"start":{"line":75,"column":6},"end":{"line":81,"column":7}},{"start":{"line":75,"column":6},"end":{"line":81,"column":7}}],"line":75}},"s":{"0":1,"1":0,"2":0,"3":0,"4":0,"5":0,"6":0,"7":0,"8":0,"9":0,"10":0,"11":0,"12":0,"13":0,"14":0,"15":0,"16":0,"17":0,"18":0,"19":0,"20":0,"21":0,"22":0,"23":0,"24":0,"25":0,"26":0},"f":{"0":0,"1":0},"b":{"0":[0,0],"1":[0,0],"2":[0,0],"3":[0,0],"4":[0,0],"5":[0,0],"6":[0,0],"7":[0,0],"8":[0,0],"9":[0,0],"10":[0,0],"11":[0,0]},"_coverageSchema":"43e27e138ebf9cfc5966b082cf9a028302ed4184","hash":"baa12d1dced31b67ce0e671ecb2f551a39924f02","contentHash":"7e94b5d8933dd323c7d8c71698cae40b197b040ea7772babb3e79512e80b401f"},"/opt/redbox-portal/api/policies/brandingAndPortal.js":{"path":"/opt/redbox-portal/api/policies/brandingAndPortal.js","statementMap":{"0":{"start":{"line":1,"column":0},"end":{"line":23,"column":2}},"1":{"start":{"line":2,"column":17},"end":{"line":2,"column":38}},"2":{"start":{"line":3,"column":15},"end":{"line":3,"column":34}},"3":{"start":{"line":4,"column":2},"end":{"line":6,"column":3}},"4":{"start":{"line":5,"column":4},"end":{"line":5,"column":28}},"5":{"start":{"line":7,"column":2},"end":{"line":16,"column":3}},"6":{"start":{"line":8,"column":4},"end":{"line":8,"column":43}},"7":{"start":{"line":11,"column":4},"end":{"line":13,"column":5}},"8":{"start":{"line":12,"column":6},"end":{"line":12,"column":23}},"9":{"start":{"line":15,"column":4},"end":{"line":15,"column":36}},"10":{"start":{"line":17,"column":2},"end":{"line":20,"column":3}},"11":{"start":{"line":18,"column":4},"end":{"line":18,"column":39}},"12":{"start":{"line":19,"column":4},"end":{"line":19,"column":32}},"13":{"start":{"line":22,"column":2},"end":{"line":22,"column":16}}},"fnMap":{"0":{"name":"(anonymous_0)","decl":{"start":{"line":1,"column":17},"end":{"line":1,"column":18}},"loc":{"start":{"line":1,"column":42},"end":{"line":23,"column":1}},"line":1}},"branchMap":{"0":{"loc":{"start":{"line":4,"column":2},"end":{"line":6,"column":3}},"type":"if","locations":[{"start":{"line":4,"column":2},"end":{"line":6,"column":3}},{"start":{"line":4,"column":2},"end":{"line":6,"column":3}}],"line":4},"1":{"loc":{"start":{"line":7,"column":2},"end":{"line":16,"column":3}},"type":"if","locations":[{"start":{"line":7,"column":2},"end":{"line":16,"column":3}},{"start":{"line":7,"column":2},"end":{"line":16,"column":3}}],"line":7},"2":{"loc":{"start":{"line":7,"column":6},"end":{"line":7,"column":61}},"type":"binary-expr","locations":[{"start":{"line":7,"column":6},"end":{"line":7,"column":22}},{"start":{"line":7,"column":26},"end":{"line":7,"column":61}}],"line":7},"3":{"loc":{"start":{"line":11,"column":4},"end":{"line":13,"column":5}},"type":"if","locations":[{"start":{"line":11,"column":4},"end":{"line":13,"column":5}},{"start":{"line":11,"column":4},"end":{"line":13,"column":5}}],"line":11},"4":{"loc":{"start":{"line":17,"column":2},"end":{"line":20,"column":3}},"type":"if","locations":[{"start":{"line":17,"column":2},"end":{"line":20,"column":3}},{"start":{"line":17,"column":2},"end":{"line":20,"column":3}}],"line":17},"5":{"loc":{"start":{"line":17,"column":6},"end":{"line":17,"column":57}},"type":"binary-expr","locations":[{"start":{"line":17,"column":6},"end":{"line":17,"column":20}},{"start":{"line":17,"column":24},"end":{"line":17,"column":57}}],"line":17}},"s":{"0":1,"1":39,"2":39,"3":39,"4":37,"5":39,"6":39,"7":39,"8":0,"9":39,"10":39,"11":39,"12":39,"13":39},"f":{"0":39},"b":{"0":[37,2],"1":[39,0],"2":[39,39],"3":[0,39],"4":[39,0],"5":[39,39]},"_coverageSchema":"43e27e138ebf9cfc5966b082cf9a028302ed4184","hash":"7b0cee57890be07f8cb7611b55fe58436d6aff64","contentHash":"f33f56d40455f68842dc5f129ccaff91e35ef8890ce3da0e4e8345b5af01985a"},"/opt/redbox-portal/api/policies/checkAuth.js":{"path":"/opt/redbox-portal/api/policies/checkAuth.js","statementMap":{"0":{"start":{"line":1,"column":0},"end":{"line":45,"column":1}},"1":{"start":{"line":2,"column":14},"end":{"line":2,"column":60}},"2":{"start":{"line":3,"column":2},"end":{"line":9,"column":3}},"3":{"start":{"line":5,"column":4},"end":{"line":8,"column":7}},"4":{"start":{"line":13,"column":2},"end":{"line":19,"column":3}},"5":{"start":{"line":14,"column":4},"end":{"line":14,"column":27}},"6":{"start":{"line":17,"column":4},"end":{"line":17,"column":15}},"7":{"start":{"line":18,"column":4},"end":{"line":18,"column":61}},"8":{"start":{"line":21,"column":14},"end":{"line":21,"column":64}},"9":{"start":{"line":22,"column":2},"end":{"line":42,"column":3}},"10":{"start":{"line":26,"column":18},"end":{"line":26,"column":68}},"11":{"start":{"line":28,"column":4},"end":{"line":39,"column":5}},"12":{"start":{"line":29,"column":6},"end":{"line":38,"column":7}},"13":{"start":{"line":30,"column":8},"end":{"line":30,"column":31}},"14":{"start":{"line":32,"column":32},"end":{"line":32,"column":102}},"15":{"start":{"line":33,"column":8},"end":{"line":37,"column":9}},"16":{"start":{"line":34,"column":10},"end":{"line":34,"column":59}},"17":{"start":{"line":36,"column":10},"end":{"line":36,"column":65}},"18":{"start":{"line":41,"column":4},"end":{"line":41,"column":55}},"19":{"start":{"line":44,"column":2},"end":{"line":44,"column":16}}},"fnMap":{"0":{"name":"(anonymous_0)","decl":{"start":{"line":1,"column":17},"end":{"line":1,"column":18}},"loc":{"start":{"line":1,"column":42},"end":{"line":45,"column":1}},"line":1}},"branchMap":{"0":{"loc":{"start":{"line":3,"column":2},"end":{"line":9,"column":3}},"type":"if","locations":[{"start":{"line":3,"column":2},"end":{"line":9,"column":3}},{"start":{"line":3,"column":2},"end":{"line":9,"column":3}}],"line":3},"1":{"loc":{"start":{"line":13,"column":2},"end":{"line":19,"column":3}},"type":"if","locations":[{"start":{"line":13,"column":2},"end":{"line":19,"column":3}},{"start":{"line":13,"column":2},"end":{"line":19,"column":3}}],"line":13},"2":{"loc":{"start":{"line":22,"column":2},"end":{"line":42,"column":3}},"type":"if","locations":[{"start":{"line":22,"column":2},"end":{"line":42,"column":3}},{"start":{"line":22,"column":2},"end":{"line":42,"column":3}}],"line":22},"3":{"loc":{"start":{"line":28,"column":4},"end":{"line":39,"column":5}},"type":"if","locations":[{"start":{"line":28,"column":4},"end":{"line":39,"column":5}},{"start":{"line":28,"column":4},"end":{"line":39,"column":5}}],"line":28},"4":{"loc":{"start":{"line":29,"column":6},"end":{"line":38,"column":7}},"type":"if","locations":[{"start":{"line":29,"column":6},"end":{"line":38,"column":7}},{"start":{"line":29,"column":6},"end":{"line":38,"column":7}}],"line":29},"5":{"loc":{"start":{"line":32,"column":32},"end":{"line":32,"column":102}},"type":"cond-expr","locations":[{"start":{"line":32,"column":70},"end":{"line":32,"column":72}},{"start":{"line":32,"column":75},"end":{"line":32,"column":102}}],"line":32},"6":{"loc":{"start":{"line":33,"column":8},"end":{"line":37,"column":9}},"type":"if","locations":[{"start":{"line":33,"column":8},"end":{"line":37,"column":9}},{"start":{"line":33,"column":8},"end":{"line":37,"column":9}}],"line":33}},"s":{"0":1,"1":39,"2":39,"3":0,"4":39,"5":36,"6":3,"7":3,"8":39,"9":39,"10":35,"11":35,"12":1,"13":0,"14":1,"15":1,"16":1,"17":0,"18":4,"19":38},"f":{"0":39},"b":{"0":[0,39],"1":[36,3],"2":[35,4],"3":[1,34],"4":[0,1],"5":[0,1],"6":[1,0]},"_coverageSchema":"43e27e138ebf9cfc5966b082cf9a028302ed4184","hash":"8c800fabdacbb382c5a866c542ee5b48127131b9","contentHash":"3b3470ef7f5803d62ccb1fd90cec925d113211c5aaf7263242cf27e558c83260"},"/opt/redbox-portal/api/policies/checkBrandingValid.js":{"path":"/opt/redbox-portal/api/policies/checkBrandingValid.js","statementMap":{"0":{"start":{"line":1,"column":0},"end":{"line":24,"column":2}},"1":{"start":{"line":3,"column":12},"end":{"line":3,"column":19}},"2":{"start":{"line":4,"column":17},"end":{"line":4,"column":31}},"3":{"start":{"line":5,"column":20},"end":{"line":5,"column":21}},"4":{"start":{"line":6,"column":2},"end":{"line":8,"column":3}},"5":{"start":{"line":7,"column":4},"end":{"line":7,"column":34}},"6":{"start":{"line":9,"column":20},"end":{"line":9,"column":35}},"7":{"start":{"line":10,"column":20},"end":{"line":10,"column":33}},"8":{"start":{"line":11,"column":2},"end":{"line":22,"column":3}},"9":{"start":{"line":12,"column":19},"end":{"line":12,"column":40}},"10":{"start":{"line":13,"column":17},"end":{"line":13,"column":36}},"11":{"start":{"line":14,"column":4},"end":{"line":21,"column":5}},"12":{"start":{"line":15,"column":6},"end":{"line":15,"column":20}},"13":{"start":{"line":18,"column":6},"end":{"line":18,"column":67}},"14":{"start":{"line":19,"column":6},"end":{"line":19,"column":66}},"15":{"start":{"line":20,"column":6},"end":{"line":20,"column":28}},"16":{"start":{"line":23,"column":2},"end":{"line":23,"column":16}}},"fnMap":{"0":{"name":"(anonymous_0)","decl":{"start":{"line":1,"column":17},"end":{"line":1,"column":18}},"loc":{"start":{"line":1,"column":42},"end":{"line":24,"column":1}},"line":1}},"branchMap":{"0":{"loc":{"start":{"line":6,"column":2},"end":{"line":8,"column":3}},"type":"if","locations":[{"start":{"line":6,"column":2},"end":{"line":8,"column":3}},{"start":{"line":6,"column":2},"end":{"line":8,"column":3}}],"line":6},"1":{"loc":{"start":{"line":11,"column":2},"end":{"line":22,"column":3}},"type":"if","locations":[{"start":{"line":11,"column":2},"end":{"line":22,"column":3}},{"start":{"line":11,"column":2},"end":{"line":22,"column":3}}],"line":11},"2":{"loc":{"start":{"line":14,"column":4},"end":{"line":21,"column":5}},"type":"if","locations":[{"start":{"line":14,"column":4},"end":{"line":21,"column":5}},{"start":{"line":14,"column":4},"end":{"line":21,"column":5}}],"line":14}},"s":{"0":1,"1":39,"2":39,"3":39,"4":39,"5":0,"6":39,"7":39,"8":39,"9":39,"10":39,"11":39,"12":39,"13":0,"14":0,"15":0,"16":0},"f":{"0":39},"b":{"0":[0,39],"1":[39,0],"2":[39,0]},"_coverageSchema":"43e27e138ebf9cfc5966b082cf9a028302ed4184","hash":"148abe57e7b45cb47e08b72dcc823cffa7d361ad","contentHash":"2b3b56b54be037583996231df400b90d7062fbdb0457c9c72e5dd4e9a5131bc7"},"/opt/redbox-portal/api/policies/isAuthenticated.js":{"path":"/opt/redbox-portal/api/policies/isAuthenticated.js","statementMap":{"0":{"start":{"line":1,"column":0},"end":{"line":7,"column":2}},"1":{"start":{"line":2,"column":3},"end":{"line":6,"column":5}},"2":{"start":{"line":3,"column":8},"end":{"line":3,"column":22}},"3":{"start":{"line":5,"column":8},"end":{"line":5,"column":55}}},"fnMap":{"0":{"name":"(anonymous_0)","decl":{"start":{"line":1,"column":17},"end":{"line":1,"column":18}},"loc":{"start":{"line":1,"column":42},"end":{"line":7,"column":1}},"line":1}},"branchMap":{"0":{"loc":{"start":{"line":2,"column":3},"end":{"line":6,"column":5}},"type":"if","locations":[{"start":{"line":2,"column":3},"end":{"line":6,"column":5}},{"start":{"line":2,"column":3},"end":{"line":6,"column":5}}],"line":2}},"s":{"0":1,"1":0,"2":0,"3":0},"f":{"0":0},"b":{"0":[0,0]},"_coverageSchema":"43e27e138ebf9cfc5966b082cf9a028302ed4184","hash":"1f7074a472d34bd24c105a52897a7278f88f1642","contentHash":"7e535c5cdb17eeb7187c85f640081cd6ffc8da7e39052a1a3b0c54b25bece1cc"},"/opt/redbox-portal/api/policies/isWebServiceAuthenticated.js":{"path":"/opt/redbox-portal/api/policies/isWebServiceAuthenticated.js","statementMap":{"0":{"start":{"line":1,"column":0},"end":{"line":15,"column":2}},"1":{"start":{"line":2,"column":26},"end":{"line":2,"column":96}},"2":{"start":{"line":4,"column":2},"end":{"line":13,"column":3}},"3":{"start":{"line":5,"column":4},"end":{"line":10,"column":17}},"4":{"start":{"line":6,"column":6},"end":{"line":8,"column":7}},"5":{"start":{"line":7,"column":8},"end":{"line":7,"column":24}},"6":{"start":{"line":9,"column":6},"end":{"line":9,"column":13}},"7":{"start":{"line":12,"column":4},"end":{"line":12,"column":11}}},"fnMap":{"0":{"name":"(anonymous_0)","decl":{"start":{"line":1,"column":17},"end":{"line":1,"column":18}},"loc":{"start":{"line":1,"column":42},"end":{"line":15,"column":1}},"line":1},"1":{"name":"(anonymous_1)","decl":{"start":{"line":5,"column":49},"end":{"line":5,"column":50}},"loc":{"start":{"line":5,"column":75},"end":{"line":10,"column":5}},"line":5}},"branchMap":{"0":{"loc":{"start":{"line":2,"column":26},"end":{"line":2,"column":96}},"type":"cond-expr","locations":[{"start":{"line":2,"column":64},"end":{"line":2,"column":66}},{"start":{"line":2,"column":69},"end":{"line":2,"column":96}}],"line":2},"1":{"loc":{"start":{"line":4,"column":2},"end":{"line":13,"column":3}},"type":"if","locations":[{"start":{"line":4,"column":2},"end":{"line":13,"column":3}},{"start":{"line":4,"column":2},"end":{"line":13,"column":3}}],"line":4},"2":{"loc":{"start":{"line":6,"column":6},"end":{"line":8,"column":7}},"type":"if","locations":[{"start":{"line":6,"column":6},"end":{"line":8,"column":7}},{"start":{"line":6,"column":6},"end":{"line":8,"column":7}}],"line":6}},"s":{"0":1,"1":39,"2":39,"3":9,"4":9,"5":6,"6":9,"7":30},"f":{"0":39,"1":9},"b":{"0":[7,32],"1":[9,30],"2":[6,3]},"_coverageSchema":"43e27e138ebf9cfc5966b082cf9a028302ed4184","hash":"8fd4c041b4d5d6a9c26ac329d3da62bede18540d","contentHash":"d5bcdc8d6808b679e4e9a576015de653074ed010513c52042faffdf1818c60a0"},"/opt/redbox-portal/api/policies/prepWs.js":{"path":"/opt/redbox-portal/api/policies/prepWs.js","statementMap":{"0":{"start":{"line":1,"column":0},"end":{"line":11,"column":2}},"1":{"start":{"line":2,"column":2},"end":{"line":9,"column":3}},"2":{"start":{"line":3,"column":4},"end":{"line":5,"column":6}},"3":{"start":{"line":4,"column":6},"end":{"line":4,"column":47}},"4":{"start":{"line":6,"column":4},"end":{"line":6,"column":32}},"5":{"start":{"line":8,"column":4},"end":{"line":8,"column":32}},"6":{"start":{"line":10,"column":2},"end":{"line":10,"column":9}}},"fnMap":{"0":{"name":"(anonymous_0)","decl":{"start":{"line":1,"column":17},"end":{"line":1,"column":18}},"loc":{"start":{"line":1,"column":42},"end":{"line":11,"column":1}},"line":1},"1":{"name":"(anonymous_1)","decl":{"start":{"line":3,"column":26},"end":{"line":3,"column":27}},"loc":{"start":{"line":3,"column":37},"end":{"line":5,"column":5}},"line":3}},"branchMap":{"0":{"loc":{"start":{"line":2,"column":2},"end":{"line":9,"column":3}},"type":"if","locations":[{"start":{"line":2,"column":2},"end":{"line":9,"column":3}},{"start":{"line":2,"column":2},"end":{"line":9,"column":3}}],"line":2},"1":{"loc":{"start":{"line":4,"column":13},"end":{"line":4,"column":46}},"type":"cond-expr","locations":[{"start":{"line":4,"column":34},"end":{"line":4,"column":38}},{"start":{"line":4,"column":41},"end":{"line":4,"column":46}}],"line":4}},"s":{"0":1,"1":39,"2":0,"3":0,"4":0,"5":39,"6":39},"f":{"0":39,"1":0},"b":{"0":[0,39],"1":[0,0]},"_coverageSchema":"43e27e138ebf9cfc5966b082cf9a028302ed4184","hash":"1b28017ef02dc6e09ec12befc189ea0d673de02a","contentHash":"9ce8f5721c13091f8f30cfc7d4f57b1d70332856d792015d8a5949ff0b8cf6a0"},"/opt/redbox-portal/api/policies/sessionAuth.js":{"path":"/opt/redbox-portal/api/policies/sessionAuth.js","statementMap":{"0":{"start":{"line":10,"column":0},"end":{"line":21,"column":2}},"1":{"start":{"line":14,"column":2},"end":{"line":16,"column":3}},"2":{"start":{"line":15,"column":4},"end":{"line":15,"column":18}},"3":{"start":{"line":20,"column":2},"end":{"line":20,"column":72}}},"fnMap":{"0":{"name":"(anonymous_0)","decl":{"start":{"line":10,"column":17},"end":{"line":10,"column":18}},"loc":{"start":{"line":10,"column":42},"end":{"line":21,"column":1}},"line":10}},"branchMap":{"0":{"loc":{"start":{"line":14,"column":2},"end":{"line":16,"column":3}},"type":"if","locations":[{"start":{"line":14,"column":2},"end":{"line":16,"column":3}},{"start":{"line":14,"column":2},"end":{"line":16,"column":3}}],"line":14}},"s":{"0":1,"1":0,"2":0,"3":0},"f":{"0":0},"b":{"0":[0,0]},"_coverageSchema":"43e27e138ebf9cfc5966b082cf9a028302ed4184","hash":"664ff6672fedc334152a6980be04b183f60a5375","contentHash":"8206a4eb3f4e8802d50057366c06c9005af8a102e07e65f5aa1593292399a23a"},"/opt/redbox-portal/api/services/AsynchsService.js":{"path":"/opt/redbox-portal/api/services/AsynchsService.js","statementMap":{"0":{"start":{"line":2,"column":0},"end":{"line":2,"column":62}},"1":{"start":{"line":3,"column":17},"end":{"line":3,"column":50}},"2":{"start":{"line":4,"column":21},"end":{"line":4,"column":42}},"3":{"start":{"line":6,"column":0},"end":{"line":41,"column":59}},"4":{"start":{"line":9,"column":12},"end":{"line":9,"column":32}},"5":{"start":{"line":10,"column":12},"end":{"line":15,"column":14}},"6":{"start":{"line":18,"column":12},"end":{"line":20,"column":13}},"7":{"start":{"line":19,"column":16},"end":{"line":19,"column":96}},"8":{"start":{"line":21,"column":12},"end":{"line":21,"column":75}},"9":{"start":{"line":24,"column":12},"end":{"line":24,"column":85}},"10":{"start":{"line":27,"column":12},"end":{"line":32,"column":13}},"11":{"start":{"line":28,"column":16},"end":{"line":28,"column":98}},"12":{"start":{"line":31,"column":16},"end":{"line":31,"column":103}},"13":{"start":{"line":33,"column":12},"end":{"line":33,"column":44}},"14":{"start":{"line":34,"column":12},"end":{"line":34,"column":95}},"15":{"start":{"line":37,"column":12},"end":{"line":37,"column":70}},"16":{"start":{"line":40,"column":4},"end":{"line":40,"column":31}},"17":{"start":{"line":42,"column":0},"end":{"line":42,"column":50}}},"fnMap":{"0":{"name":"(anonymous_0)","decl":{"start":{"line":6,"column":1},"end":{"line":6,"column":2}},"loc":{"start":{"line":6,"column":21},"end":{"line":41,"column":1}},"line":6},"1":{"name":"(anonymous_1)","decl":{"start":{"line":8,"column":8},"end":{"line":8,"column":9}},"loc":{"start":{"line":8,"column":22},"end":{"line":16,"column":9}},"line":8},"2":{"name":"(anonymous_2)","decl":{"start":{"line":17,"column":8},"end":{"line":17,"column":9}},"loc":{"start":{"line":17,"column":27},"end":{"line":22,"column":9}},"line":17},"3":{"name":"(anonymous_3)","decl":{"start":{"line":23,"column":8},"end":{"line":23,"column":9}},"loc":{"start":{"line":23,"column":38},"end":{"line":25,"column":9}},"line":23},"4":{"name":"(anonymous_4)","decl":{"start":{"line":26,"column":8},"end":{"line":26,"column":9}},"loc":{"start":{"line":26,"column":47},"end":{"line":35,"column":9}},"line":26},"5":{"name":"(anonymous_5)","decl":{"start":{"line":36,"column":8},"end":{"line":36,"column":9}},"loc":{"start":{"line":36,"column":22},"end":{"line":38,"column":9}},"line":36}},"branchMap":{"0":{"loc":{"start":{"line":18,"column":12},"end":{"line":20,"column":13}},"type":"if","locations":[{"start":{"line":18,"column":12},"end":{"line":20,"column":13}},{"start":{"line":18,"column":12},"end":{"line":20,"column":13}}],"line":18},"1":{"loc":{"start":{"line":18,"column":16},"end":{"line":18,"column":96}},"type":"binary-expr","locations":[{"start":{"line":18,"column":16},"end":{"line":18,"column":51}},{"start":{"line":18,"column":55},"end":{"line":18,"column":96}}],"line":18},"2":{"loc":{"start":{"line":26,"column":27},"end":{"line":26,"column":45}},"type":"default-arg","locations":[{"start":{"line":26,"column":41},"end":{"line":26,"column":45}}],"line":26},"3":{"loc":{"start":{"line":27,"column":12},"end":{"line":32,"column":13}},"type":"if","locations":[{"start":{"line":27,"column":12},"end":{"line":32,"column":13}},{"start":{"line":27,"column":12},"end":{"line":32,"column":13}}],"line":27},"4":{"loc":{"start":{"line":41,"column":14},"end":{"line":41,"column":57}},"type":"binary-expr","locations":[{"start":{"line":41,"column":14},"end":{"line":41,"column":30}},{"start":{"line":41,"column":35},"end":{"line":41,"column":56}}],"line":41}},"s":{"0":1,"1":1,"2":1,"3":1,"4":1,"5":1,"6":0,"7":0,"8":0,"9":0,"10":0,"11":0,"12":0,"13":0,"14":0,"15":0,"16":1,"17":1},"f":{"0":1,"1":1,"2":0,"3":0,"4":0,"5":0},"b":{"0":[0,0],"1":[0,0],"2":[0],"3":[0,0],"4":[1,1]},"_coverageSchema":"43e27e138ebf9cfc5966b082cf9a028302ed4184","hash":"3a3f0313bfd4b1933baab5de646ef47732833333","contentHash":"860f96b443812b141a913ce7c43d5bf5fcadc8583c0cb7c7c8940fb8a1864990"},"/opt/redbox-portal/api/core/CoreService.js":{"path":"/opt/redbox-portal/api/core/CoreService.js","statementMap":{"0":{"start":{"line":2,"column":0},"end":{"line":2,"column":62}},"1":{"start":{"line":3,"column":13},"end":{"line":3,"column":31}},"2":{"start":{"line":5,"column":0},"end":{"line":76,"column":59}},"3":{"start":{"line":7,"column":4},"end":{"line":75,"column":53}},"4":{"start":{"line":10,"column":16},"end":{"line":10,"column":43}},"5":{"start":{"line":11,"column":16},"end":{"line":13,"column":18}},"
[...]
},"end":{"line":270,"column":26}},"loc":{"start":{"line":270,"column":37},"end":{"line":272,"column":13}},"line":270},"40":{"name":"(anonymous_40)","decl":{"start":{"line":272,"column":15},"end":{"line":272,"column":16}},"loc":{"start":{"line":272,"column":24},"end":{"line":274,"column":13}},"line":272},"41":{"name":"(anonymous_41)","decl":{"start":{"line":276,"column":8},"end":{"line":276,"column":9}},"loc":{"start":{"line":276,"column":33},"end":{"line":331,"column":9}},"line":276},"42":{"name":"(anonymous_42)","decl":{"start":{"line":283,"column":24},"end":{"line":283,"column":25}},"loc":{"start":{"line":283,"column":57},"end":{"line":293,"column":17}},"line":283},"43":{"name":"(anonymous_43)","decl":{"start":{"line":294,"column":15},"end":{"line":294,"column":16}},"loc":{"start":{"line":294,"column":54},"end":{"line":330,"column":13}},"line":294},"44":{"name":"(anonymous_44)","decl":{"start":{"line":302,"column":60},"end":{"line":302,"column":61}},"loc":{"start":{"line":302,"column":86},"end":{"line":304,"column":17}},"line":302},"45":{"name":"(anonymous_45)","decl":{"start":{"line":311,"column":35},"end":{"line":311,"column":36}},"loc":{"start":{"line":311,"column":45},"end":{"line":322,"column":21}},"line":311},"46":{"name":"(anonymous_46)","decl":{"start":{"line":322,"column":23},"end":{"line":322,"column":24}},"loc":{"start":{"line":322,"column":32},"end":{"line":324,"column":21}},"line":322},"47":{"name":"(anonymous_47)","decl":{"start":{"line":332,"column":8},"end":{"line":332,"column":9}},"loc":{"start":{"line":332,"column":63},"end":{"line":353,"column":9}},"line":332}},"branchMap":{"0":{"loc":{"start":{"line":43,"column":16},"end":{"line":45,"column":17}},"type":"if","locations":[{"start":{"line":43,"column":16},"end":{"line":45,"column":17}},{"start":{"line":43,"column":16},"end":{"line":45,"column":17}}],"line":43},"1":{"loc":{"start":{"line":43,"column":20},"end":{"line":43,"column":53}},"type":"binary-expr","locations":[{"start":{"line":43,"column":20},"end":{"line":43,"column":33}},{"start":{"line":43,"column":37},"end":{"line":43,"column":53}}],"line":43},"2":{"loc":{"start":{"line":46,"column":16},"end":{"line":48,"column":17}},"type":"if","locations":[{"start":{"line":46,"column":16},"end":{"line":48,"column":17}},{"start":{"line":46,"column":16},"end":{"line":48,"column":17}}],"line":46},"3":{"loc":{"start":{"line":46,"column":20},"end":{"line":46,"column":67}},"type":"binary-expr","locations":[{"start":{"line":46,"column":20},"end":{"line":46,"column":40}},{"start":{"line":46,"column":44},"end":{"line":46,"column":67}}],"line":46},"4":{"loc":{"start":{"line":51,"column":20},"end":{"line":58,"column":21}},"type":"if","locations":[{"start":{"line":51,"column":20},"end":{"line":58,"column":21}},{"start":{"line":51,"column":20},"end":{"line":58,"column":21}}],"line":51},"5":{"loc":{"start":{"line":69,"column":16},"end":{"line":71,"column":17}},"type":"if","locations":[{"start":{"line":69,"column":16},"end":{"line":71,"column":17}},{"start":{"line":69,"column":16},"end":{"line":71,"column":17}}],"line":69},"6":{"loc":{"start":{"line":69,"column":20},"end":{"line":69,"column":53}},"type":"binary-expr","locations":[{"start":{"line":69,"column":20},"end":{"line":69,"column":33}},{"start":{"line":69,"column":37},"end":{"line":69,"column":53}}],"line":69},"7":{"loc":{"start":{"line":72,"column":16},"end":{"line":74,"column":17}},"type":"if","locations":[{"start":{"line":72,"column":16},"end":{"line":74,"column":17}},{"start":{"line":72,"column":16},"end":{"line":74,"column":17}}],"line":72},"8":{"loc":{"start":{"line":72,"column":20},"end":{"line":72,"column":67}},"type":"binary-expr","locations":[{"start":{"line":72,"column":20},"end":{"line":72,"column":40}},{"start":{"line":72,"column":44},"end":{"line":72,"column":67}}],"line":72},"9":{"loc":{"start":{"line":77,"column":20},"end":{"line":84,"column":21}},"type":"if","locations":[{"start":{"line":77,"column":20},"end":{"line":84,"column":21}},{"start":{"line":77,"column":20},"end":{"line":84,"column":21}}],"line":77},"10":{"loc":{"start":{"line":95,"column":16},"end":{"line":97,"column":17}},"type":"if","locations":[{"start":{"line":95,"column":16},"end":{"line":97,"column":17}},{"start":{"line":95,"column":16},"end":{"line":97,"column":17}}],"line":95},"11":{"loc":{"start":{"line":95,"column":20},"end":{"line":95,"column":53}},"type":"binary-expr","locations":[{"start":{"line":95,"column":20},"end":{"line":95,"column":33}},{"start":{"line":95,"column":37},"end":{"line":95,"column":53}}],"line":95},"12":{"loc":{"start":{"line":98,"column":16},"end":{"line":100,"column":17}},"type":"if","locations":[{"start":{"line":98,"column":16},"end":{"line":100,"column":17}},{"start":{"line":98,"column":16},"end":{"line":100,"column":17}}],"line":98},"13":{"loc":{"start":{"line":98,"column":20},"end":{"line":98,"column":67}},"type":"binary-expr","locations":[{"start":{"line":98,"column":20},"end":{"line":98,"column":40}},{"start":{"line":98,"column":44},"end":{"line":98,"column":67}}],"line":98},"14":{"loc":{"start":{"line":103,"column":20},"end":{"line":110,"column":21}},"type":"if","locations":[{"start":{"line":103,"column":20},"end":{"line":110,"column":21}},{"start":{"line":103,"column":20},"end":{"line":110,"column":21}}],"line":103},"15":{"loc":{"start":{"line":121,"column":16},"end":{"line":123,"column":17}},"type":"if","locations":[{"start":{"line":121,"column":16},"end":{"line":123,"column":17}},{"start":{"line":121,"column":16},"end":{"line":123,"column":17}}],"line":121},"16":{"loc":{"start":{"line":121,"column":20},"end":{"line":121,"column":53}},"type":"binary-expr","locations":[{"start":{"line":121,"column":20},"end":{"line":121,"column":33}},{"start":{"line":121,"column":37},"end":{"line":121,"column":53}}],"line":121},"17":{"loc":{"start":{"line":124,"column":16},"end":{"line":126,"column":17}},"type":"if","locations":[{"start":{"line":124,"column":16},"end":{"line":126,"column":17}},{"start":{"line":124,"column":16},"end":{"line":126,"column":17}}],"line":124},"18":{"loc":{"start":{"line":124,"column":20},"end":{"line":124,"column":67}},"type":"binary-expr","locations":[{"start":{"line":124,"column":20},"end":{"line":124,"column":40}},{"start":{"line":124,"column":44},"end":{"line":124,"column":67}}],"line":124},"19":{"loc":{"start":{"line":129,"column":20},"end":{"line":136,"column":21}},"type":"if","locations":[{"start":{"line":129,"column":20},"end":{"line":136,"column":21}},{"start":{"line":129,"column":20},"end":{"line":136,"column":21}}],"line":129},"20":{"loc":{"start":{"line":182,"column":12},"end":{"line":254,"column":13}},"type":"if","locations":[{"start":{"line":182,"column":12},"end":{"line":254,"column":13}},{"start":{"line":182,"column":12},"end":{"line":254,"column":13}}],"line":182},"21":{"loc":{"start":{"line":184,"column":16},"end":{"line":196,"column":17}},"type":"if","locations":[{"start":{"line":184,"column":16},"end":{"line":196,"column":17}},{"start":{"line":184,"column":16},"end":{"line":196,"column":17}}],"line":184},"22":{"loc":{"start":{"line":199,"column":20},"end":{"line":252,"column":21}},"type":"if","locations":[{"start":{"line":199,"column":20},"end":{"line":252,"column":21}},{"start":{"line":199,"column":20},"end":{"line":252,"column":21}}],"line":199},"23":{"loc":{"start":{"line":208,"column":24},"end":{"line":213,"column":25}},"type":"if","locations":[{"start":{"line":208,"column":24},"end":{"line":213,"column":25}},{"start":{"line":208,"column":24},"end":{"line":213,"column":25}}],"line":208},"24":{"loc":{"start":{"line":217,"column":32},"end":{"line":238,"column":33}},"type":"if","locations":[{"start":{"line":217,"column":32},"end":{"line":238,"column":33}},{"start":{"line":217,"column":32},"end":{"line":238,"column":33}}],"line":217},"25":{"loc":{"start":{"line":218,"column":36},"end":{"line":226,"column":37}},"type":"if","locations":[{"start":{"line":218,"column":36},"end":{"line":226,"column":37}},{"start":{"line":218,"column":36},"end":{"line":226,"column":37}}],"line":218},"26":{"loc":{"start":{"line":229,"column":36},"end":{"line":237,"column":37}},"type":"if","locations":[{"start":{"line":229,"column":36},"end":{"line":237,"column":37}},{"start":{"line":229,"column":36},"end":{"line":237,"column":37}}],"line":229},"27":{"loc":{"start":{"line":242,"column":32},"end":{"line":245,"column":33}},"type":"if","locations":[{"start":{"line":242,"column":32},"end":{"line":245,"column":33}},{"start":{"line":242,"column":32},"end":{"line":245,"column":33}}],"line":242},"28":{"loc":{"start":{"line":262,"column":33},"end":{"line":262,"column":93}},"type":"cond-expr","locations":[{"start":{"line":262,"column":57},"end":{"line":262,"column":78}},{"start":{"line":262,"column":81},"end":{"line":262,"column":93}}],"line":262},"29":{"loc":{"start":{"line":295,"column":16},"end":{"line":299,"column":17}},"type":"if","locations":[{"start":{"line":295,"column":16},"end":{"line":299,"column":17}},{"start":{"line":295,"column":16},"end":{"line":299,"column":17}}],"line":295},"30":{"loc":{"start":{"line":313,"column":24},"end":{"line":321,"column":25}},"type":"if","locations":[{"start":{"line":313,"column":24},"end":{"line":321,"column":25}},{"start":{"line":313,"column":24},"end":{"line":321,"column":25}}],"line":313},"31":{"loc":{"start":{"line":313,"column":28},"end":{"line":313,"column":83}},"type":"binary-expr","locations":[{"start":{"line":313,"column":28},"end":{"line":313,"column":56}},{"start":{"line":313,"column":60},"end":{"line":313,"column":83}}],"line":313},"32":{"loc":{"start":{"line":314,"column":44},"end":{"line":314,"column":106}},"type":"binary-expr","locations":[{"start":{"line":314,"column":44},"end":{"line":314,"column":74}},{"start":{"line":314,"column":78},"end":{"line":314,"column":106}}],"line":314},"33":{"loc":{"start":{"line":335,"column":12},"end":{"line":348,"column":13}},"type":"if","locations":[{"start":{"line":335,"column":12},"end":{"line":348,"column":13}},{"start":{"line":335,"column":12},"end":{"line":348,"column":13}}],"line":335},"34":{"loc":{"start":{"line":336,"column":31},"end":{"line":336,"column":100}},"type":"cond-expr","locations":[{"start":{"line":336,"column":57},"end":{"line":336,"column":86}},{"start":{"line":336,"column":89},"end":{"line":336,"column":100}}],"line":336},"35":{"loc":{"start":{"line":352,"column":30},"end":{"line":352,"column":53}},"type":"binary-expr","locations":[{"start":{"line":352,"column":30},"end":{"line":352,"column":46}},{"start":{"line":352,"column":50},"end":{"line":352,"column":53}}],"line":352},"36":{"loc":{"start":{"line":356,"column":17},"end":{"line":356,"column":66}},"type":"binary-expr","locations":[{"start":{"line":356,"column":17},"end":{"line":356,"column":36}},{"start":{"line":356,"column":41},"end":{"line":356,"column":65}}],"line":356}},"s":{"0":1,"1":1,"2":1,"3":1,"4":1,"5":1,"6":1,"7":1,"8":0,"9":0,"10":0,"11":0,"12":1,"13":1,"14":1,"15":1,"16":1,"17":1,"18":1,"19":1,"20":1,"21":0,"22":1,"23":1,"24":1,"25":1,"26":1,"27":0,"28":0,"29":0,"30":0,"31":0,"32":0,"33":0,"34":0,"35":0,"36":0,"37":0,"38":0,"39":0,"40":0,"41":0,"42":0,"43":0,"44":0,"45":0,"46":0,"47":0,"48":0,"49":0,"50":0,"51":0,"52":0,"53":0,"54":0,"55":0,"56":0,"57":0,"58":0,"59":0,"60":0,"61":0,"62":0,"63":0,"64":0,"65":0,"66":0,"67":0,"68":0,"69":0,"70":0,"71":0,"72":0,"73":0,"74":0,"75":0,"76":2,"77":2,"78":2,"79":2,"80":0,"81":0,"82":0,"83":0,"84":0,"85":0,"86":1,"87":1,"88":1,"89":1,"90":1,"91":1,"92":1,"93":0,"94":0,"95":0,"96":0,"97":0,"98":0,"99":0,"100":1,"101":1,"102":1,"103":1,"104":1,"105":1,"106":1,"107":1,"108":1,"109":0,"110":0,"111":0,"112":0,"113":0,"114":1,"115":1,"116":1,"117":1,"118":1,"119":1,"120":1,"121":1,"122":1,"123":1,"124":1,"125":1,"126":1,"127":0,"128":1,"129":1,"130":1,"131":1,"132":1,"133":1,"134":1,"135":1,"136":1,"137":1,"138":1,"139":1,"140":0,"141":0,"142":0,"143":0,"144":0,"145":0,"146":0,"147":0,"148":1,"149":1,"150":1,"151":1,"152":1,"153":1,"154":0,"155":0,"156":0,"157":0,"158":0,"159":0,"160":0,"161":0,"162":0,"163":0,"164":0,"165":0,"166":0,"167":0,"168":0,"169":0,"170":0,"171":0,"172":0,"173":0,"174":0,"175":0,"176":0,"177":0,"178":0,"179":0,"180":0,"181":0,"182":0,"183":0,"184":0,"185":0,"186":0,"187":0,"188":0,"189":0,"190":0,"191":0,"192":0,"193":0,"194":0,"195":0,"196":0,"197":0,"198":0,"199":0,"200":0,"201":0,"202":0,"203":0,"204":0,"205":0,"206":0,"207":0,"208":0,"209":0,"210":0,"211":0,"212":0,"213":0,"214":0,"215":0,"216":1,"217":1},"f":{"0":1,"1":1,"2":0,"3":0,"4":0,"5":1,"6":1,"7":1,"8":1,"9":0,"10":0,"11":0,"12":0,"13":0,"14":0,"15":0,"16":0,"17":0,"18":0,"19":0,"20":0,"21":2,"22":2,"23":0,"24":0,"25":1,"26":1,"27":1,"28":0,"29":0,"30":0,"31":1,"32":1,"33":1,"34":1,"35":1,"36":0,"37":0,"38":0,"39":0,"40":0,"41":0,"42":0,"43":0,"44":0,"45":0,"46":0,"47":0},"b":{"0":[1,0],"1":[1,1],"2":[0,1],"3":[1,0],"4":[1,0],"5":[0,0],"6":[0,0],"7":[0,0],"8":[0,0],"9":[0,0],"10":[0,0],"11":[0,0],"12":[0,0],"13":[0,0],"14":[0,0],"15":[0,0],"16":[0,0],"17":[0,0],"18":[0,0],"19":[0,0],"20":[1,0],"21":[1,0],"22":[1,0],"23":[1,0],"24":[1,0],"25":[1,0],"26":[0,0],"27":[1,0],"28":[0,0],"29":[0,0],"30":[0,0],"31":[0,0],"32":[0,0],"33":[0,0],"34":[0,0],"35":[0,0],"36":[1,1]},"_coverageSchema":"43e27e138ebf9cfc5966b082cf9a028302ed4184","hash":"a4d5c4a73d4292e5cbaad0e2f61480363b7ee104","contentHash":"18df63e81a4a28b967a025334676d455e118c4b22c3de99bfa904bd04890cd4e"},"/opt/redbox-portal/api/controllers/webservice/UserManagementController.js":{"path":"/opt/redbox-portal/api/controllers/webservice/UserManagementController.js","statementMap":{"0":{"start":{"line":2,"column":0},"end":{"line":2,"column":62}},"1":{"start":{"line":3,"column":19},"end":{"line":3,"column":58}},"2":{"start":{"line":5,"column":0},"end":{"line":67,"column":68}},"3":{"start":{"line":8,"column":12},"end":{"line":8,"column":32}},"4":{"start":{"line":9,"column":12},"end":{"line":13,"column":14}},"5":{"start":{"line":18,"column":12},"end":{"line":18,"column":56}},"6":{"start":{"line":21,"column":23},"end":{"line":21,"column":40}},"7":{"start":{"line":22,"column":27},"end":{"line":22,"column":48}},"8":{"start":{"line":23,"column":12},"end":{"line":25,"column":13}},"9":{"start":{"line":24,"column":16},"end":{"line":24,"column":25}},"10":{"start":{"line":26,"column":12},"end":{"line":28,"column":13}},"11":{"start":{"line":27,"column":16},"end":{"line":27,"column":30}},"12":{"start":{"line":29,"column":23},"end":{"line":29,"column":44}},"13":{"start":{"line":30,"column":12},"end":{"line":48,"column":15}},"14":{"start":{"line":31,"column":31},"end":{"line":31,"column":33}},"15":{"start":{"line":32,"column":16},"end":{"line":32,"column":41}},"16":{"start":{"line":33,"column":16},"end":{"line":33,"column":56}},"17":{"start":{"line":34,"column":16},"end":{"line":34,"column":51}},"18":{"start":{"line":35,"column":16},"end":{"line":47,"column":17}},"19":{"start":{"line":36,"column":20},"end":{"line":36,"column":45}},"20":{"start":{"line":37,"column":20},"end":{"line":37,"column":46}},"21":{"start":{"line":40,"column":20},"end":{"line":46,"column":23}},"22":{"start":{"line":41,"column":24},"end":{"line":43,"column":27}},"23":{"start":{"line":42,"column":28},"end":{"line":42,"column":49}},"24":{"start":{"line":44,"column":24},"end":{"line":44,"column":52}},"25":{"start":{"line":45,"column":24},"end":{"line":45,"column":50}},"26":{"start":{"line":51,"column":30},"end":{"line":51,"column":51}},"27":{"start":{"line":52,"column":24},"end":{"line":52,"column":42}},"28":{"start":{"line":53,"column":30},"end":{"line":53,"column":32}},"29":{"start":{"line":54,"column":12},"end":{"line":54,"column":45}},"30":{"start":{"line":55,"column":12},"end":{"line":63,"column":15}},"31":{"start":{"line":56,"column":16},"end":{"line":58,"column":17}},"32":{"start":{"line":57,"column":20},"end":{"line":57,"column":48}},"33":{"start":{"line":59,"column":16},"end":{"line":61,"column":17}},"34":{"start":{"line":60,"column":20},"end":{"line":60,"column":42}},"35":{"start":{"line":62,"column":16},"end":{"line":62,"column":36}},"36":{"start":{"line":66,"column":4},"end":{"line":66,"column":48}},"37":{"start":{"line":68,"column":0},"end":{"line":68,"column":60}}},"fnMap":{"0":{"name":"(anonymous_0)","decl":{"start":{"line":5,"column":1},"end":{"line":5,"column":2}},"loc":{"start":{"line":5,"column":24},"end":{"line":67,"column":1}},"line":5},"1":{"name":"(anonymous_1)","decl":{"start":{"line":7,"column":8},"end":{"line":7,"column":9}},"loc":{"start":{"line":7,"column":22},"end":{"line":14,"column":9}},"line":7},"2":{"name":"(anonymous_2)","decl":{"start":{"line":15,"column":8},"end":{"line":15,"column":9}},"loc":{"start":{"line":15,"column":20},"end":{"line":16,"column":9}},"line":15},"3":{"name":"(anonymous_3)","decl":{"start":{"line":17,"column":8},"end":{"line":17,"column":9}},"loc":{"start":{"line":17,"column":25},"end":{"line":19,"column":9}},"line":17},"4":{"name":"(anonymous_4)","decl":{"start":{"line":20,"column":8},"end":{"line":20,"column":9}},"loc":{"start":{"line":20,"column":28},"end":{"line":49,"column":9}},"line":20},"5":{"name":"(anonymous_5)","decl":{"start":{"line":30,"column":30},"end":{"line":30,"column":31}},"loc":{"start":{"line":30,"column":52},"end":{"line":48,"column":13}},"line":30},"6":{"name":"(anonymous_6)","decl":{"start":{"line":40,"column":79},"end":{"line":40,"column":80}},"loc":{"start":{"line":40,"column":101},"end":{"line":46,"column":21}},"line":40},"7":{"name":"(anonymous_7)","decl":{"start":{"line":41,"column":38},"end":{"line":41,"column":39}},"loc":{"start":{"line":41,"column":46},"end":{"line":43,"column":25}},"line":41},"8":{"name":"(anonymous_8)","decl":{"start":{"line":50,"column":8},"end":{"line":50,"column":9}},"loc":{"start":{"line":50,"column":27},"end":{"line":64,"column":9}},"line":50},"9":{"name":"(anonymous_9)","decl":{"start":{"line":55,"column":43},"end":{"line":55,"column":44}},"loc":{"start":{"line":55,"column":64},"end":{"line":63,"column":13}},"line":55}},"branchMap":{"0":{"loc":{"start":{"line":23,"column":12},"end":{"line":25,"column":13}},"type":"if","locations":[{"start":{"line":23,"column":12},"end":{"line":25,"column":13}},{"start":{"line":23,"column":12},"end":{"line":25,"column":13}}],"line":23},"1":{"loc":{"start":{"line":26,"column":12},"end":{"line":28,"column":13}},"type":"if","locations":[{"start":{"line":26,"column":12},"end":{"line":28,"column":13}},{"start":{"line":26,"column":12},"end":{"line":28,"column":13}}],"line":26},"2":{"loc":{"start":{"line":35,"column":16},"end":{"line":47,"column":17}},"type":"if","locations":[{"start":{"line":35,"column":16},"end":{"line":47,"column":17}},{"start":{"line":35,"column":16},"end":{"line":47,"column":17}}],"line":35},"3":{"loc":{"start":{"line":56,"column":16},"end":{"line":58,"column":17}},"type":"if","locations":[{"start":{"line":56,"column":16},"end":{"line":58,"column":17}},{"start":{"line":56,"column":16},"end":{"line":58,"column":17}}],"line":56},"4":{"loc":{"start":{"line":59,"column":16},"end":{"line":61,"column":17}},"type":"if","locations":[{"start":{"line":59,"column":16},"end":{"line":61,"column":17}},{"start":{"line":59,"column":16},"end":{"line":61,"column":17}}],"line":59},"5":{"loc":{"start":{"line":67,"column":17},"end":{"line":67,"column":66}},"type":"binary-expr","locations":[{"start":{"line":67,"column":17},"end":{"line":67,"column":36}},{"start":{"line":67,"column":41},"end":{"line":67,"column":65}}],"line":67}},"s":{"0":1,"1":1,"2":1,"3":1,"4":1,"5":0,"6":1,"7":1,"8":1,"9":1,"10":1,"11":1,"12":1,"13":1,"14":1,"15":1,"16":1,"17":1,"18":1,"19":0,"20":0,"21":1,"22":1,"23":1,"24":1,"25":1,"26":0,"27":0,"28":0,"29":0,"30":0,"31":0,"32":0,"33":0,"34":0,"35":0,"36":1,"37":1},"f":{"0":1,"1":1,"2":0,"3":0,"4":1,"5":1,"6":1,"7":1,"8":0,"9":0},"b":{"0":[1,0],"1":[1,0],"2":[0,1],"3":[0,0],"4":[0,0],"5":[1,1]},"_coverageSchema":"43e27e138ebf9cfc5966b082cf9a028302ed4184","hash":"a6b52881617c886393a36bc199943e323e1ef65c","contentHash":"4272bb9a6cce2f363ed134dad2032b2bc3b062c1db4d480b04c6c39570dd0378"}}