TN:
SF:/opt/redbox-portal/api/models/AsynchProgress.js
FNF:0
FNH:0
DA:7,2
DA:9,2
LF:2
LH:2
BRF:0
BRH:0
end_of_record
TN:
SF:/opt/redbox-portal/api/models/BrandingConfig.js
FNF:0
FNH:0
DA:8,2
LF:1
LH:1
BRF:0
BRH:0
end_of_record
TN:
SF:/opt/redbox-portal/api/models/CacheEntry.js
FNF:0
FNH:0
DA:8,2
LF:1
LH:1
BRF:0
BRH:0
end_of_record
TN:
SF:/opt/redbox-portal/api/models/Form.js
FNF:0
FNH:0
DA:8,2
LF:1
LH:1
BRF:0
BRH:0
end_of_record
TN:
SF:/opt/redbox-portal/api/models/PathRule.js
FNF:0
FNH:0
DA:8,2
LF:1
LH:1
BRF:0
BRH:0
end_of_record
TN:
SF:/opt/redbox-portal/api/models/RecordType.js
FN:34,(anonymous_0)
FNF:1
FNH:1
FNDA:6,(anonymous_0)
DA:8,2
DA:35,6
DA:36,6
LF:3
LH:3
BRF:0
BRH:0
end_of_record
TN:
SF:/opt/redbox-portal/api/models/Report.js
FN:40,(anonymous_0)
FNF:1
FNH:1
FNDA:2,(anonymous_0)
DA:8,2
DA:41,2
DA:42,2
LF:3
LH:3
BRF:0
BRH:0
end_of_record
TN:
SF:/opt/redbox-portal/api/models/Role.js
FNF:0
FNH:0
DA:8,2
LF:1
LH:1
BRF:0
BRH:0
end_of_record
TN:
SF:/opt/redbox-portal/api/models/ThemeConfig.js
FNF:0
FNH:0
DA:8,2
LF:1
LH:1
BRF:0
BRH:0
end_of_record
TN:
SF:/opt/redbox-portal/api/models/User.js
FN:22,(anonymous_0)
FN:28,(anonymous_1)
FN:30,(anonymous_2)
FN:31,(anonymous_3)
FN:45,(anonymous_4)
FN:49,(anonymous_5)
FN:53,(anonymous_6)
FNF:7
FNH:7
FNDA:204,(anonymous_0)
FNDA:4,(anonymous_1)
FNDA:4,(anonymous_2)
FNDA:4,(anonymous_3)
FNDA:4,(anonymous_4)
FNDA:6,(anonymous_5)
FNDA:10,(anonymous_6)
DA:7,2
DA:8,2
DA:23,204
DA:24,204
DA:25,204
DA:26,204
DA:29,4
DA:30,4
DA:31,4
DA:32,4
DA:33,0
DA:34,0
DA:36,4
DA:37,4
DA:42,0
DA:46,4
DA:47,4
DA:50,6
DA:51,6
DA:54,10
DA:55,10
DA:56,10
DA:60,0
DA:61,0
LF:24
LH:19
BRDA:29,0,0,4
BRDA:29,0,1,0
BRDA:32,1,0,0
BRDA:32,1,1,4
BRDA:55,2,0,10
BRDA:55,2,1,0
BRF:6
BRH:3
end_of_record
TN:
SF:/opt/redbox-portal/api/models/WorkflowStep.js
FNF:0
FNH:0
DA:8,2
LF:1
LH:1
BRF:0
BRH:0
end_of_record
TN:
SF:/opt/redbox-portal/api/models/WorkspaceApp.js
FNF:0
FNH:0
DA:8,2
LF:1
LH:1
BRF:0
BRH:0
end_of_record
TN:
SF:/opt/redbox-portal/api/models/WorkspaceAsync.js
FNF:0
FNH:0
DA:7,2
DA:9,2
LF:2
LH:2
BRF:0
BRH:0
end_of_record
TN:
SF:/opt/redbox-portal/api/models/WorkspaceType.js
FNF:0
FNH:0
DA:8,2
LF:1
LH:1
BRF:0
BRH:0
end_of_record
TN:
SF:/opt/redbox-portal/api/policies/brandingAndPortal.js
FN:1,(anonymous_0)
FNF:1
FNH:1
FNDA:78,(anonymous_0)
DA:1,2
DA:2,78
DA:3,78
DA:4,78
DA:5,74
DA:7,78
DA:8,78
DA:11,78
DA:12,0
DA:15,78
DA:17,78
DA:18,78
DA:19,78
DA:22,78
LF:14
LH:13
BRDA:4,0,0,74
BRDA:4,0,1,4
BRDA:7,1,0,78
BRDA:7,1,1,0
BRDA:7,2,0,78
BRDA:7,2,1,78
BRDA:11,3,0,0
BRDA:11,3,1,78
BRDA:17,4,0,78
BRDA:17,4,1,0
BRDA:17,5,0,78
BRDA:17,5,1,78
BRF:12
BRH:9
end_of_record
TN:
SF:/opt/redbox-portal/api/policies/checkAuth.js
FN:1,(anonymous_0)
FNF:1
FNH:1
FNDA:78,(anonymous_0)
DA:1,2
DA:2,78
DA:3,78
DA:5,0
DA:13,78
DA:14,72
DA:17,6
DA:18,6
DA:21,78
DA:22,78
DA:26,70
DA:28,70
DA:29,2
DA:30,0
DA:32,2
DA:33,2
DA:34,2
DA:36,0
DA:41,8
DA:44,76
LF:20
LH:17
BRDA:3,0,0,0
BRDA:3,0,1,78
BRDA:13,1,0,72
BRDA:13,1,1,6
BRDA:22,2,0,70
BRDA:22,2,1,8
BRDA:28,3,0,2
BRDA:28,3,1,68
BRDA:29,4,0,0
BRDA:29,4,1,2
BRDA:32,5,0,0
BRDA:32,5,1,2
BRDA:33,6,0,2
BRDA:33,6,1,0
BRF:14
BRH:10
end_of_record
TN:
SF:/opt/redbox-portal/api/policies/checkBrandingValid.js
FN:1,(anonymous_0)
FNF:1
FNH:1
FNDA:78,(anonymous_0)
DA:1,2
DA:3,78
DA:4,78
DA:5,78
DA:6,78
DA:7,0
DA:9,78
DA:10,78
DA:11,78
DA:12,78
DA:13,78
DA:14,78
DA:15,78
DA:18,0
DA:19,0
DA:20,0
DA:23,0
LF:17
LH:12
BRDA:6,0,0,0
BRDA:6,0,1,78
BRDA:11,1,0,78
BRDA:11,1,1,0
BRDA:14,2,0,78
BRDA:14,2,1,0
BRF:6
BRH:3
end_of_record
TN:
SF:/opt/redbox-portal/api/policies/isAuthenticated.js
FN:1,(anonymous_0)
FNF:1
FNH:0
FNDA:0,(anonymous_0)
DA:1,2
DA:2,0
DA:3,0
DA:5,0
LF:4
LH:1
BRDA:2,0,0,0
BRDA:2,0,1,0
BRF:2
BRH:0
end_of_record
TN:
SF:/opt/redbox-portal/api/policies/isWebServiceAuthenticated.js
FN:1,(anonymous_0)
FN:5,(anonymous_1)
FNF:2
FNH:2
FNDA:78,(anonymous_0)
FNDA:18,(anonymous_1)
DA:1,2
DA:2,78
DA:4,78
DA:5,18
DA:6,18
DA:7,12
DA:9,18
DA:12,60
LF:8
LH:8
BRDA:2,0,0,14
BRDA:2,0,1,64
BRDA:4,1,0,18
BRDA:4,1,1,60
BRDA:6,2,0,12
BRDA:6,2,1,6
BRF:6
BRH:6
end_of_record
TN:
SF:/opt/redbox-portal/api/policies/prepWs.js
FN:1,(anonymous_0)
FN:3,(anonymous_1)
FNF:2
FNH:1
FNDA:78,(anonymous_0)
FNDA:0,(anonymous_1)
DA:1,2
DA:2,78
DA:3,0
DA:4,0
DA:6,0
DA:8,78
DA:10,78
LF:7
LH:4
BRDA:2,0,0,0
BRDA:2,0,1,78
BRDA:4,1,0,0
BRDA:4,1,1,0
BRF:4
BRH:1
end_of_record
TN:
SF:/opt/redbox-portal/api/policies/sessionAuth.js
FN:10,(anonymous_0)
FNF:1
FNH:0
FNDA:0,(anonymous_0)
DA:10,2
DA:14,0
DA:15,0
DA:20,0
LF:4
LH:1
BRDA:14,0,0,0
BRDA:14,0,1,0
BRF:2
BRH:0
end_of_record
TN:
SF:/opt/redbox-portal/api/responses/badRequest.js
FN:18,badRequest
FN:71,couldNotGuessView
FNF:2
FNH:0
FNDA:0,badRequest
FNDA:0,couldNotGuessView
DA:18,2
DA:21,0
DA:22,0
DA:23,0
DA:26,0
DA:29,0
DA:30,0
DA:32,0
DA:37,0
DA:38,0
DA:43,0
DA:44,0
DA:49,0
DA:52,0
DA:53,0
DA:54,0
DA:55,0
DA:58,0
DA:65,0
DA:66,0
DA:71,0
DA:72,0
LF:22
LH:1
BRDA:29,0,0,0
BRDA:29,0,1,0
BRDA:37,1,0,0
BRDA:37,1,1,0
BRDA:37,2,0,0
BRDA:37,2,1,0
BRDA:43,3,0,0
BRDA:43,3,1,0
BRDA:43,4,0,0
BRDA:43,4,1,0
BRDA:49,5,0,0
BRDA:49,5,1,0
BRDA:49,6,0,0
BRDA:49,6,1,0
BRDA:53,7,0,0
BRDA:53,7,1,0
BRDA:53,8,0,0
BRDA:53,8,1,0
BRDA:65,9,0,0
BRDA:65,9,1,0
BRF:20
BRH:0
end_of_record
TN:
SF:/opt/redbox-portal/api/responses/created.js
FN:14,created
FN:56,couldNotGuessView
FNF:2
FNH:0
FNDA:0,created
FNDA:0,couldNotGuessView
DA:14,2
DA:17,0
DA:18,0
DA:19,0
DA:21,0
DA:24,0
DA:28,0
DA:29,0
DA:34,0
DA:37,0
DA:38,0
DA:39,0
DA:40,0
DA:43,0
DA:50,0
DA:51,0
DA:56,0
DA:57,0
LF:18
LH:1
BRDA:28,0,0,0
BRDA:28,0,1,0
BRDA:28,1,0,0
BRDA:28,1,1,0
BRDA:34,2,0,0
BRDA:34,2,1,0
BRDA:34,3,0,0
BRDA:34,3,1,0
BRDA:38,4,0,0
BRDA:38,4,1,0
BRDA:38,5,0,0
BRDA:38,5,1,0
BRDA:50,6,0,0
BRDA:50,6,1,0
BRF:14
BRH:0
end_of_record
TN:
SF:/opt/redbox-portal/api/responses/forbidden.js
FN:15,forbidden
FN:70,(anonymous_1)
FNF:2
FNH:1
FNDA:2,forbidden
FNDA:0,(anonymous_1)
DA:15,2
DA:18,2
DA:19,2
DA:20,2
DA:23,2
DA:26,2
DA:27,2
DA:29,0
DA:34,2
DA:35,0
DA:40,2
DA:41,2
DA:46,0
DA:49,0
DA:50,0
DA:51,0
DA:52,0
DA:55,0
DA:59,0
DA:63,0
DA:65,0
DA:70,0
DA:73,0
DA:77,0
DA:78,0
DA:82,0
DA:84,0
DA:87,0
LF:28
LH:10
BRDA:26,0,0,2
BRDA:26,0,1,0
BRDA:34,1,0,0
BRDA:34,1,1,2
BRDA:34,2,0,2
BRDA:34,2,1,0
BRDA:40,3,0,2
BRDA:40,3,1,0
BRDA:40,4,0,2
BRDA:40,4,1,0
BRDA:46,5,0,0
BRDA:46,5,1,0
BRDA:46,6,0,0
BRDA:46,6,1,0
BRDA:50,7,0,0
BRDA:50,7,1,0
BRDA:50,8,0,0
BRDA:50,8,1,0
BRDA:63,9,0,0
BRDA:63,9,1,0
BRDA:73,10,0,0
BRDA:73,10,1,0
BRDA:77,11,0,0
BRDA:77,11,1,0
BRF:24
BRH:5
end_of_record
TN:
SF:/opt/redbox-portal/api/responses/ok.js
FN:14,sendOK
FN:56,couldNotGuessView
FNF:2
FNH:0
FNDA:0,sendOK
FNDA:0,couldNotGuessView
DA:14,2
DA:17,0
DA:18,0
DA:19,0
DA:21,0
DA:24,0
DA:28,0
DA:29,0
DA:34,0
DA:37,0
DA:38,0
DA:39,0
DA:40,0
DA:43,0
DA:50,0
DA:51,0
DA:56,0
DA:57,0
LF:18
LH:1
BRDA:28,0,0,0
BRDA:28,0,1,0
BRDA:28,1,0,0
BRDA:28,1,1,0
BRDA:34,2,0,0
BRDA:34,2,1,0
BRDA:34,3,0,0
BRDA:34,3,1,0
BRDA:38,4,0,0
BRDA:38,4,1,0
BRDA:38,5,0,0
BRDA:38,5,1,0
BRDA:50,6,0,0
BRDA:50,6,1,0
BRF:14
BRH:0
end_of_record
TN:
SF:/opt/redbox-portal/api/responses/serverError.js
FN:15,serverError
FN:68,(anonymous_1)
FNF:2
FNH:0
FNDA:0,serverError
FNDA:0,(anonymous_1)
DA:15,2
DA:18,0
DA:19,0
DA:20,0
DA:23,0
DA:26,0
DA:27,0
DA:29,0
DA:34,0
DA:35,0
DA:40,0
DA:41,0
DA:46,0
DA:49,0
DA:50,0
DA:51,0
DA:52,0
DA:55,0
DA:62,0
DA:63,0
DA:68,0
DA:71,0
DA:75,0
DA:76,0
DA:80,0
DA:82,0
DA:85,0
LF:27
LH:1
BRDA:26,0,0,0
BRDA:26,0,1,0
BRDA:34,1,0,0
BRDA:34,1,1,0
BRDA:34,2,0,0
BRDA:34,2,1,0
BRDA:40,3,0,0
BRDA:40,3,1,0
BRDA:40,4,0,0
BRDA:40,4,1,0
BRDA:46,5,0,0
BRDA:46,5,1,0
BRDA:46,6,0,0
BRDA:46,6,1,0
BRDA:50,7,0,0
BRDA:50,7,1,0
BRDA:50,8,0,0
BRDA:50,8,1,0
BRDA:62,9,0,0
BRDA:62,9,1,0
BRDA:71,10,0,0
BRDA:71,10,1,0
BRDA:75,11,0,0
BRDA:75,11,1,0
BRF:24
BRH:0
end_of_record
TN:
SF:/opt/redbox-portal/api/services/ViewUtils.js
FN:2,(anonymous_0)
FN:13,(anonymous_1)
FNF:2
FNH:1
FNDA:0,(anonymous_0)
FNDA:12,(anonymous_1)
DA:1,2
DA:3,0
DA:4,0
DA:5,0
DA:6,0
DA:7,0
DA:8,0
DA:11,0
DA:15,12
DA:16,12
DA:17,12
DA:18,12
DA:19,12
DA:22,12
DA:23,12
DA:24,12
DA:25,12
DA:26,0
DA:29,12
DA:30,12
DA:31,12
DA:32,12
DA:33,0
DA:37,12
DA:38,12
DA:39,12
DA:40,12
DA:41,12
DA:45,12
DA:46,12
DA:47,0
DA:48,0
DA:49,0
DA:54,12
DA:55,12
DA:56,24
DA:60,12
LF:37
LH:25
BRDA:2,0,0,0
BRDA:7,1,0,0
BRDA:7,1,1,0
BRDA:13,2,0,0
BRDA:19,3,0,12
BRDA:19,3,1,0
BRDA:25,4,0,0
BRDA:25,4,1,12
BRDA:29,5,0,12
BRDA:29,5,1,0
BRDA:32,6,0,0
BRDA:32,6,1,12
BRDA:37,7,0,12
BRDA:37,7,1,0
BRDA:40,8,0,12
BRDA:40,8,1,0
BRDA:45,9,0,12
BRDA:45,9,1,0
BRDA:46,10,0,0
BRDA:46,10,1,12
BRF:20
BRH:8
end_of_record
TN:
SF:/opt/redbox-portal/config/action.js
FNF:0
FNH:0
DA:1,2
LF:1
LH:1
BRF:0
BRH:0
end_of_record
TN:
SF:/opt/redbox-portal/config/appmode.js
FNF:0
FNH:0
DA:1,2
LF:1
LH:1
BRF:0
BRH:0
end_of_record
TN:
SF:/opt/redbox-portal/config/auth.js
FNF:0
FNH:0
DA:6,2
LF:1
LH:1
BRF:0
BRH:0
end_of_record
TN:
SF:/opt/redbox-portal/config/autoreload.js
FNF:0
FNH:0
DA:2,2
LF:1
LH:1
BRF:0
BRH:0
end_of_record
TN:
SF:/opt/redbox-portal/config/blueprints.js
FNF:0
FNH:0
DA:26,2
LF:1
LH:1
BRF:0
BRH:0
end_of_record
TN:
SF:/opt/redbox-portal/config/bootstrap.js
FN:14,(anonymous_0)
FN:28,(anonymous_1)
FN:32,(anonymous_2)
FN:38,(anonymous_3)
FN:44,(anonymous_4)
FN:48,(anonymous_5)
FN:52,(anonymous_6)
FN:55,(anonymous_7)
FN:59,(anonymous_8)
FN:63,(anonymous_9)
FN:71,(anonymous_10)
FN:75,(anonymous_11)
FN:79,(anonymous_12)
FN:80,(anonymous_13)
FN:90,(anonymous_14)
FN:95,(anonymous_15)
FN:97,(anonymous_16)
FN:124,(anonymous_17)
FN:137,(anonymous_18)
FNF:19
FNH:16
FNDA:2,(anonymous_0)
FNDA:2,(anonymous_1)
FNDA:2,(anonymous_2)
FNDA:2,(anonymous_3)
FNDA:2,(anonymous_4)
FNDA:2,(anonymous_5)
FNDA:2,(anonymous_6)
FNDA:2,(anonymous_7)
FNDA:2,(anonymous_8)
FNDA:18,(anonymous_9)
FNDA:4,(anonymous_10)
FNDA:4,(anonymous_11)
FNDA:0,(anonymous_12)
FNDA:0,(anonymous_13)
FNDA:2,(anonymous_14)
FNDA:2,(anonymous_15)
FNDA:2,(anonymous_16)
FNDA:2,(anonymous_17)
FNDA:0,(anonymous_18)
DA:11,2
DA:12,2
DA:14,2
DA:16,2
DA:17,2
DA:18,2
DA:19,2
DA:20,2
DA:21,2
DA:22,0
DA:23,0
DA:26,2
DA:27,2
DA:29,2
DA:30,2
DA:33,2
DA:36,2
DA:39,2
DA:42,2
DA:45,2
DA:46,2
DA:49,2
DA:50,2
DA:53,2
DA:54,2
DA:56,2
DA:57,2
DA:60,2
DA:61,2
DA:62,2
DA:63,2
DA:64,18
DA:66,2
DA:68,0
DA:72,4
DA:73,4
DA:76,4
DA:78,4
DA:79,0
DA:80,0
DA:82,0
DA:85,0
DA:87,4
DA:91,2
DA:93,2
DA:96,2
DA:97,2
DA:98,2
DA:99,2
DA:100,2
DA:101,2
DA:102,2
DA:103,2
DA:104,2
DA:105,2
DA:106,2
DA:107,2
DA:108,2
DA:109,2
DA:110,2
DA:111,2
DA:112,2
DA:113,2
DA:114,2
DA:115,2
DA:116,2
DA:117,2
DA:118,2
DA:119,2
DA:122,2
DA:124,2
DA:125,2
DA:126,2
DA:129,2
DA:131,0
DA:138,0
DA:139,0
LF:77
LH:67
BRDA:21,0,0,0
BRDA:21,0,1,2
BRDA:21,1,0,2
BRDA:21,1,1,2
BRDA:61,2,0,2
BRDA:61,2,1,0
BRDA:78,3,0,0
BRDA:78,3,1,4
BRDA:125,4,0,2
BRDA:125,4,1,0
BRF:10
BRH:6
end_of_record
TN:
SF:/opt/redbox-portal/config/cors.js
FNF:0
FNH:0
DA:29,2
LF:1
LH:1
BRF:0
BRH:0
end_of_record
TN:
SF:/opt/redbox-portal/config/crontab.js
FN:3,(anonymous_0)
FNF:1
FNH:0
FNDA:0,(anonymous_0)
DA:1,2
DA:4,0
LF:2
LH:1
BRF:0
BRH:0
end_of_record
TN:
SF:/opt/redbox-portal/config/csrf.js
FNF:0
FNH:0
DA:65,2
LF:1
LH:1
BRF:0
BRH:0
end_of_record
TN:
SF:/opt/redbox-portal/config/custom_cache.js
FNF:0
FNH:0
DA:1,2
LF:1
LH:1
BRF:0
BRH:0
end_of_record
TN:
SF:/opt/redbox-portal/config/datapubs.js
FNF:0
FNH:0
DA:1,2
LF:1
LH:1
BRF:0
BRH:0
end_of_record
TN:
SF:/opt/redbox-portal/config/datastores.js
FNF:0
FNH:0
DA:5,2
LF:1
LH:1
BRF:0
BRH:0
end_of_record
TN:
SF:/opt/redbox-portal/config/dynamicasset.js
FNF:0
FNH:0
DA:1,2
LF:1
LH:1
BRF:0
BRH:0
end_of_record
TN:
SF:/opt/redbox-portal/config/dynamicconfig.js
FNF:0
FNH:0
DA:1,2
LF:1
LH:1
BRF:0
BRH:0
end_of_record
TN:
SF:/opt/redbox-portal/config/emailnotification.js
FNF:0
FNH:0
DA:1,2
LF:1
LH:1
BRF:0
BRH:0
end_of_record
TN:
SF:/opt/redbox-portal/config/form.js
FNF:0
FNH:0
DA:4,2
DA:5,2
DA:6,2
DA:7,2
DA:8,2
DA:9,2
DA:10,2
DA:11,2
DA:12,2
DA:13,2
DA:14,2
LF:11
LH:11
BRF:0
BRH:0
end_of_record
TN:
SF:/opt/redbox-portal/config/globals.js
FNF:0
FNH:0
DA:6,2
LF:1
LH:1
BRF:0
BRH:0
end_of_record
TN:
SF:/opt/redbox-portal/config/http.js
FN:34,(anonymous_0)
FN:41,(anonymous_1)
FN:91,(anonymous_2)
FN:160,(anonymous_3)
FNF:4
FNH:1
FNDA:0,(anonymous_0)
FNDA:0,(anonymous_1)
FNDA:0,(anonymous_2)
FNDA:88,(anonymous_3)
DA:12,2
DA:36,0
DA:37,0
DA:39,0
DA:44,0
DA:45,0
DA:47,0
DA:48,0
DA:49,0
DA:50,0
DA:51,0
DA:53,0
DA:54,0
DA:56,0
DA:57,0
DA:60,0
DA:61,0
DA:62,0
DA:64,0
DA:65,0
DA:66,0
DA:67,0
DA:68,0
DA:71,0
DA:72,0
DA:73,0
DA:74,0
DA:77,0
DA:78,0
DA:79,0
DA:80,0
DA:85,0
DA:86,0
DA:89,0
DA:92,0
DA:162,88
DA:163,6
DA:165,82
DA:169,82
LF:39
LH:5
BRDA:36,0,0,0
BRDA:36,0,1,0
BRDA:47,1,0,0
BRDA:47,1,1,0
BRDA:50,2,0,0
BRDA:50,2,1,0
BRDA:53,3,0,0
BRDA:53,3,1,0
BRDA:53,4,0,0
BRDA:53,4,1,0
BRDA:56,5,0,0
BRDA:56,5,1,0
BRDA:56,6,0,0
BRDA:56,6,1,0
BRDA:61,7,0,0
BRDA:61,7,1,0
BRDA:67,8,0,0
BRDA:67,8,1,0
BRDA:71,9,0,0
BRDA:71,9,1,0
BRDA:73,10,0,0
BRDA:73,10,1,0
BRDA:77,11,0,0
BRDA:77,11,1,0
BRDA:79,12,0,0
BRDA:79,12,1,0
BRDA:85,13,0,0
BRDA:85,13,1,0
BRDA:162,14,0,6
BRDA:162,14,1,82
BRF:30
BRH:2
end_of_record
TN:
SF:/opt/redbox-portal/config/i18n.js
FNF:0
FNH:0
DA:18,2
LF:1
LH:1
BRF:0
BRH:0
end_of_record
TN:
SF:/opt/redbox-portal/config/jsonld.js
FNF:0
FNH:0
DA:6,2
LF:1
LH:1
BRF:0
BRH:0
end_of_record
TN:
SF:/opt/redbox-portal/config/log.js
FNF:0
FNH:0
DA:13,2
LF:1
LH:1
BRF:0
BRH:0
end_of_record
TN:
SF:/opt/redbox-portal/config/mint.js
FNF:0
FNH:0
DA:1,2
LF:1
LH:1
BRF:0
BRH:0
end_of_record
TN:
SF:/opt/redbox-portal/config/models.js
FNF:0
FNH:0
DA:12,2
LF:1
LH:1
BRF:0
BRH:0
end_of_record
TN:
SF:/opt/redbox-portal/config/ng2.js
FNF:0
FNH:0
DA:5,2
LF:1
LH:1
BRF:0
BRH:0
end_of_record
TN:
SF:/opt/redbox-portal/config/orcid.js
FNF:0
FNH:0
DA:1,2
LF:1
LH:1
BRF:0
BRH:0
end_of_record
TN:
SF:/opt/redbox-portal/config/orm.js
FNF:0
FNH:0
DA:1,2
LF:1
LH:1
BRF:0
BRH:0
end_of_record
TN:
SF:/opt/redbox-portal/config/peopleSearch.js
FNF:0
FNH:0
DA:1,2
LF:1
LH:1
BRF:0
BRH:0
end_of_record
TN:
SF:/opt/redbox-portal/config/policies.js
FNF:0
FNH:0
DA:20,2
LF:1
LH:1
BRF:0
BRH:0
end_of_record
TN:
SF:/opt/redbox-portal/config/record.js
FNF:0
FNH:0
DA:1,2
LF:1
LH:1
BRF:0
BRH:0
end_of_record
TN:
SF:/opt/redbox-portal/config/recordtype.js
FNF:0
FNH:0
DA:1,2
LF:1
LH:1
BRF:0
BRH:0
end_of_record
TN:
SF:/opt/redbox-portal/config/redboxToCKAN.js
FNF:0
FNH:0
DA:1,2
LF:1
LH:1
BRF:0
BRH:0
end_of_record
TN:
SF:/opt/redbox-portal/config/report.js
FNF:0
FNH:0
DA:1,2
LF:1
LH:1
BRF:0
BRH:0
end_of_record
TN:
SF:/opt/redbox-portal/config/routes.js
FNF:0
FNH:0
DA:23,2
LF:1
LH:1
BRF:0
BRH:0
end_of_record
TN:
SF:/opt/redbox-portal/config/session.js
FNF:0
FNH:0
DA:15,2
LF:1
LH:1
BRF:0
BRH:0
end_of_record
TN:
SF:/opt/redbox-portal/config/sockets.js
FNF:0
FNH:0
DA:13,2
LF:1
LH:1
BRF:0
BRH:0
end_of_record
TN:
SF:/opt/redbox-portal/config/static_assets.js
FNF:0
FNH:0
DA:1,2
LF:1
LH:1
BRF:0
BRH:0
end_of_record
TN:
SF:/opt/redbox-portal/config/typescript.js
FNF:0
FNH:0
DA:1,2
LF:1
LH:1
BRF:0
BRH:0
end_of_record
TN:
SF:/opt/redbox-portal/config/views.js
FNF:0
FNH:0
DA:14,2
LF:1
LH:1
BRF:0
BRH:0
end_of_record
TN:
SF:/opt/redbox-portal/config/vocab.js
FNF:0
FNH:0
DA:1,2
LF:1
LH:1
BRF:0
BRH:0
end_of_record
TN:
SF:/opt/redbox-portal/config/workflow.js
FNF:0
FNH:0
DA:1,2
LF:1
LH:1
BRF:0
BRH:0
end_of_record
TN:
SF:/opt/redbox-portal/config/workspacetype.js
FNF:0
FNH:0
DA:4,2
LF:1
LH:1
BRF:0
BRH:0
end_of_record
TN:
SF:/opt/redbox-portal/config/env/acceptance.js
FNF:0
FNH:0
DA:13,0
LF:1
LH:0
BRF:0
BRH:0
end_of_record
TN:
SF:/opt/redbox-portal/config/env/development.js
FNF:0
FNH:0
DA:13,0
LF:1
LH:0
BRF:0
BRH:0
end_of_record
TN:
SF:/opt/redbox-portal/config/env/docker.js
FNF:0
FNH:0
DA:13,2
LF:1
LH:1
BRF:0
BRH:0
end_of_record
TN:
SF:/opt/redbox-portal/config/env/production.js
FNF:0
FNH:0
DA:13,0
LF:1
LH:0
BRF:0
BRH:0
end_of_record
TN:
SF:/opt/redbox-portal/config/env/test.js
FNF:0
FNH:0
DA:13,0
LF:1
LH:0
BRF:0
BRH:0
end_of_record
